{"/home/travis/build/npmtest/node-npmtest-universal-analytics/test.js":{"path":"/home/travis/build/npmtest/node-npmtest-universal-analytics/test.js","s":{"1":2,"2":2,"3":2,"4":2,"5":2,"6":2,"7":2,"8":1,"9":2,"10":2,"11":1,"12":1,"13":1,"14":1,"15":2,"16":2,"17":2,"18":2,"19":1,"20":1,"21":2,"22":2,"23":2,"24":1,"25":1,"26":1,"27":1,"28":1,"29":1,"30":1,"31":1,"32":1,"33":1,"34":1,"35":1,"36":1,"37":1,"38":1,"39":2,"40":2,"41":1,"42":2,"43":2,"44":1,"45":2,"46":2,"47":1,"48":2,"49":2,"50":1,"51":1,"52":1,"53":1,"54":1},"b":{"1":[2,1,1,1],"2":[1,1,1,1],"3":[1,1],"4":[1,1],"5":[1,1],"6":[1,1],"7":[1,1],"8":[1,1],"9":[1,1],"10":[1,1,1],"11":[1,1],"12":[1,1],"13":[1,1],"14":[1,1],"15":[1,1],"16":[1,1],"17":[1,1]},"f":{"1":2,"2":2,"3":2,"4":2,"5":2,"6":1,"7":1,"8":1,"9":2,"10":2,"11":2,"12":2,"13":1},"fnMap":{"1":{"name":"(anonymous_1)","line":12,"loc":{"start":{"line":12,"column":1},"end":{"line":12,"column":13}}},"2":{"name":"(anonymous_2)","line":19,"loc":{"start":{"line":19,"column":5},"end":{"line":19,"column":17}}},"3":{"name":"(anonymous_3)","line":23,"loc":{"start":{"line":23,"column":24},"end":{"line":23,"column":36}}},"4":{"name":"(anonymous_4)","line":61,"loc":{"start":{"line":61,"column":5},"end":{"line":61,"column":17}}},"5":{"name":"(anonymous_5)","line":82,"loc":{"start":{"line":82,"column":5},"end":{"line":82,"column":17}}},"6":{"name":"(anonymous_6)","line":91,"loc":{"start":{"line":91,"column":77},"end":{"line":94,"column":10}}},"7":{"name":"(anonymous_7)","line":112,"loc":{"start":{"line":112,"column":83},"end":{"line":115,"column":10}},"skip":true},"8":{"name":"(anonymous_8)","line":123,"loc":{"start":{"line":123,"column":77},"end":{"line":126,"column":10}},"skip":true},"9":{"name":"(anonymous_9)","line":139,"loc":{"start":{"line":139,"column":12},"end":{"line":139,"column":40}},"skip":true},"10":{"name":"(anonymous_10)","line":147,"loc":{"start":{"line":147,"column":77},"end":{"line":150,"column":10}},"skip":true},"11":{"name":"(anonymous_11)","line":158,"loc":{"start":{"line":158,"column":83},"end":{"line":161,"column":10}},"skip":true},"12":{"name":"(anonymous_12)","line":169,"loc":{"start":{"line":169,"column":79},"end":{"line":172,"column":10}},"skip":true},"13":{"name":"(anonymous_13)","line":180,"loc":{"start":{"line":180,"column":75},"end":{"line":183,"column":10}},"skip":true}},"statementMap":{"1":{"start":{"line":12,"column":0},"end":{"line":195,"column":5}},"2":{"start":{"line":14,"column":4},"end":{"line":14,"column":14}},"3":{"start":{"line":19,"column":4},"end":{"line":56,"column":9}},"4":{"start":{"line":21,"column":8},"end":{"line":21,"column":19}},"5":{"start":{"line":23,"column":8},"end":{"line":35,"column":13}},"6":{"start":{"line":24,"column":12},"end":{"line":34,"column":13}},"7":{"start":{"line":25,"column":16},"end":{"line":28,"column":30}},"8":{"start":{"line":30,"column":16},"end":{"line":33,"column":27}},"9":{"start":{"line":37,"column":8},"end":{"line":39,"column":21}},"10":{"start":{"line":40,"column":8},"end":{"line":53,"column":9}},"11":{"start":{"line":43,"column":12},"end":{"line":46,"column":14}},"12":{"start":{"line":47,"column":12},"end":{"line":47,"column":18}},"13":{"start":{"line":50,"column":12},"end":{"line":51,"column":33}},"14":{"start":{"line":52,"column":12},"end":{"line":52,"column":18}},"15":{"start":{"line":55,"column":8},"end":{"line":55,"column":35}},"16":{"start":{"line":61,"column":4},"end":{"line":63,"column":9}},"17":{"start":{"line":62,"column":8},"end":{"line":62,"column":15}},"18":{"start":{"line":64,"column":4},"end":{"line":77,"column":5}},"19":{"start":{"line":70,"column":8},"end":{"line":70,"column":14}},"20":{"start":{"line":76,"column":8},"end":{"line":76,"column":14}},"21":{"start":{"line":82,"column":4},"end":{"line":84,"column":9}},"22":{"start":{"line":83,"column":8},"end":{"line":83,"column":15}},"23":{"start":{"line":85,"column":4},"end":{"line":194,"column":5}},"24":{"start":{"line":91,"column":8},"end":{"line":99,"column":10}},"25":{"start":{"line":98,"column":12},"end":{"line":98,"column":35}},"26":{"start":{"line":102,"column":8},"end":{"line":104,"column":63}},"27":{"start":{"line":105,"column":8},"end":{"line":105,"column":14}},"28":{"start":{"line":112,"column":8},"end":{"line":121,"column":10},"skip":true},"29":{"start":{"line":119,"column":12},"end":{"line":119,"column":55},"skip":true},"30":{"start":{"line":120,"column":12},"end":{"line":120,"column":48},"skip":true},"31":{"start":{"line":123,"column":8},"end":{"line":136,"column":10},"skip":true},"32":{"start":{"line":130,"column":12},"end":{"line":130,"column":76},"skip":true},"33":{"start":{"line":131,"column":12},"end":{"line":131,"column":73},"skip":true},"34":{"start":{"line":132,"column":12},"end":{"line":132,"column":74},"skip":true},"35":{"start":{"line":133,"column":12},"end":{"line":133,"column":79},"skip":true},"36":{"start":{"line":134,"column":12},"end":{"line":134,"column":25},"skip":true},"37":{"start":{"line":135,"column":12},"end":{"line":135,"column":45},"skip":true},"38":{"start":{"line":138,"column":8},"end":{"line":145,"column":14},"skip":true},"39":{"start":{"line":143,"column":16},"end":{"line":143,"column":29},"skip":true},"40":{"start":{"line":144,"column":16},"end":{"line":144,"column":55},"skip":true},"41":{"start":{"line":147,"column":8},"end":{"line":156,"column":10},"skip":true},"42":{"start":{"line":154,"column":12},"end":{"line":154,"column":25},"skip":true},"43":{"start":{"line":155,"column":12},"end":{"line":155,"column":45},"skip":true},"44":{"start":{"line":158,"column":8},"end":{"line":167,"column":10},"skip":true},"45":{"start":{"line":165,"column":12},"end":{"line":165,"column":25},"skip":true},"46":{"start":{"line":166,"column":12},"end":{"line":166,"column":48},"skip":true},"47":{"start":{"line":169,"column":8},"end":{"line":178,"column":10},"skip":true},"48":{"start":{"line":176,"column":12},"end":{"line":176,"column":25},"skip":true},"49":{"start":{"line":177,"column":12},"end":{"line":177,"column":46},"skip":true},"50":{"start":{"line":180,"column":8},"end":{"line":189,"column":10},"skip":true},"51":{"start":{"line":187,"column":12},"end":{"line":187,"column":94},"skip":true},"52":{"start":{"line":188,"column":12},"end":{"line":188,"column":48},"skip":true},"53":{"start":{"line":192,"column":8},"end":{"line":192,"column":35},"skip":true},"54":{"start":{"line":193,"column":8},"end":{"line":193,"column":14},"skip":true}},"branchMap":{"1":{"line":25,"type":"binary-expr","locations":[{"start":{"line":25,"column":23},"end":{"line":25,"column":62}},{"start":{"line":26,"column":20},"end":{"line":26,"column":70}},{"start":{"line":27,"column":20},"end":{"line":27,"column":71}},{"start":{"line":28,"column":20},"end":{"line":28,"column":29}}]},"2":{"line":30,"type":"binary-expr","locations":[{"start":{"line":30,"column":23},"end":{"line":30,"column":37}},{"start":{"line":31,"column":20},"end":{"line":31,"column":61}},{"start":{"line":32,"column":20},"end":{"line":32,"column":70}},{"start":{"line":33,"column":20},"end":{"line":33,"column":26}}]},"3":{"line":37,"type":"cond-expr","locations":[{"start":{"line":38,"column":14},"end":{"line":38,"column":20}},{"start":{"line":39,"column":14},"end":{"line":39,"column":20}}]},"4":{"line":40,"type":"switch","locations":[{"start":{"line":42,"column":8},"end":{"line":47,"column":18}},{"start":{"line":49,"column":8},"end":{"line":52,"column":18}}]},"5":{"line":44,"type":"binary-expr","locations":[{"start":{"line":44,"column":16},"end":{"line":44,"column":44}},{"start":{"line":44,"column":48},"end":{"line":44,"column":66}}]},"6":{"line":50,"type":"binary-expr","locations":[{"start":{"line":50,"column":21},"end":{"line":50,"column":49}},{"start":{"line":50,"column":53},"end":{"line":50,"column":72}}]},"7":{"line":64,"type":"switch","locations":[{"start":{"line":69,"column":4},"end":{"line":70,"column":14}},{"start":{"line":75,"column":4},"end":{"line":76,"column":14}}]},"8":{"line":85,"type":"switch","locations":[{"start":{"line":90,"column":4},"end":{"line":105,"column":14}},{"start":{"line":111,"column":4},"end":{"line":193,"column":14},"skip":true}]},"9":{"line":91,"type":"binary-expr","locations":[{"start":{"line":91,"column":42},"end":{"line":91,"column":73}},{"start":{"line":91,"column":77},"end":{"line":99,"column":9}}]},"10":{"line":102,"type":"binary-expr","locations":[{"start":{"line":102,"column":18},"end":{"line":102,"column":32}},{"start":{"line":103,"column":12},"end":{"line":103,"column":53}},{"start":{"line":104,"column":12},"end":{"line":104,"column":61}}]},"11":{"line":112,"type":"binary-expr","locations":[{"start":{"line":112,"column":45},"end":{"line":112,"column":79},"skip":true},{"start":{"line":112,"column":83},"end":{"line":121,"column":9},"skip":true}]},"12":{"line":123,"type":"binary-expr","locations":[{"start":{"line":123,"column":42},"end":{"line":123,"column":73},"skip":true},{"start":{"line":123,"column":77},"end":{"line":136,"column":9},"skip":true}]},"13":{"line":138,"type":"binary-expr","locations":[{"start":{"line":138,"column":48},"end":{"line":138,"column":85},"skip":true},{"start":{"line":139,"column":12},"end":{"line":145,"column":13},"skip":true}]},"14":{"line":147,"type":"binary-expr","locations":[{"start":{"line":147,"column":42},"end":{"line":147,"column":73},"skip":true},{"start":{"line":147,"column":77},"end":{"line":156,"column":9},"skip":true}]},"15":{"line":158,"type":"binary-expr","locations":[{"start":{"line":158,"column":45},"end":{"line":158,"column":79},"skip":true},{"start":{"line":158,"column":83},"end":{"line":167,"column":9},"skip":true}]},"16":{"line":169,"type":"binary-expr","locations":[{"start":{"line":169,"column":43},"end":{"line":169,"column":75},"skip":true},{"start":{"line":169,"column":79},"end":{"line":178,"column":9},"skip":true}]},"17":{"line":180,"type":"binary-expr","locations":[{"start":{"line":180,"column":41},"end":{"line":180,"column":71},"skip":true},{"start":{"line":180,"column":75},"end":{"line":189,"column":9},"skip":true}]}},"code":["/* istanbul instrument in package npmtest_universal_analytics */","/*jslint","    bitwise: true,","    browser: true,","    maxerr: 8,","    maxlen: 96,","    node: true,","    nomen: true,","    regexp: true,","    stupid: true","*/","(function () {","    'use strict';","    var local;","","","","    // run shared js-env code - init-before","    (function () {","        // init local","        local = {};","        // init modeJs","        local.modeJs = (function () {","            try {","                return typeof navigator.userAgent === 'string' &&","                    typeof document.querySelector('body') === 'object' &&","                    typeof XMLHttpRequest.prototype.open === 'function' &&","                    'browser';","            } catch (errorCaughtBrowser) {","                return module.exports &&","                    typeof process.versions.node === 'string' &&","                    typeof require('http').createServer === 'function' &&","                    'node';","            }","        }());","        // init global","        local.global = local.modeJs === 'browser'","            ? window","            : global;","        switch (local.modeJs) {","        // re-init local from window.local","        case 'browser':","            local = local.global.utility2.objectSetDefault(","                local.global.utility2_rollup || local.global.local,","                local.global.utility2","            );","            break;","        // re-init local from example.js","        case 'node':","            local = (local.global.utility2_rollup || require('utility2'))","                .requireReadme();","            break;","        }","        // export local","        local.global.local = local;","    }());","","","","    // run shared js-env code - function","    (function () {","        return;","    }());","    switch (local.modeJs) {","","","","    // run browser js-env code - function","    case 'browser':","        break;","","","","    // run node js-env code - function","    case 'node':","        break;","    }","","","","    // run shared js-env code - init-after","    (function () {","        return;","    }());","    switch (local.modeJs) {","","","","    // run browser js-env code - init-after","    case 'browser':","        local.testCase_browser_nullCase = local.testCase_browser_nullCase || function (","            options,","            onError","        ) {","        /*","         * this function will test browsers's null-case handling-behavior-behavior","         */","            onError(null, options);","        };","","        // run tests","        local.nop(local.modeTest &&","            document.querySelector('#testRunButton1') &&","            document.querySelector('#testRunButton1').click());","        break;","","","","    // run node js-env code - init-after","    /* istanbul ignore next */","    case 'node':","        local.testCase_buildApidoc_default = local.testCase_buildApidoc_default || function (","            options,","            onError","        ) {","        /*","         * this function will test buildApidoc's default handling-behavior-behavior","         */","            options = { modulePathList: module.paths };","            local.buildApidoc(options, onError);","        };","","        local.testCase_buildApp_default = local.testCase_buildApp_default || function (","            options,","            onError","        ) {","        /*","         * this function will test buildApp's default handling-behavior-behavior","         */","            local.testCase_buildReadme_default(options, local.onErrorThrow);","            local.testCase_buildLib_default(options, local.onErrorThrow);","            local.testCase_buildTest_default(options, local.onErrorThrow);","            local.testCase_buildCustomOrg_default(options, local.onErrorThrow);","            options = [];","            local.buildApp(options, onError);","        };","","        local.testCase_buildCustomOrg_default = local.testCase_buildCustomOrg_default ||","            function (options, onError) {","            /*","             * this function will test buildCustomOrg's default handling-behavior","             */","                options = {};","                local.buildCustomOrg(options, onError);","            };","","        local.testCase_buildLib_default = local.testCase_buildLib_default || function (","            options,","            onError","        ) {","        /*","         * this function will test buildLib's default handling-behavior","         */","            options = {};","            local.buildLib(options, onError);","        };","","        local.testCase_buildReadme_default = local.testCase_buildReadme_default || function (","            options,","            onError","        ) {","        /*","         * this function will test buildReadme's default handling-behavior-behavior","         */","            options = {};","            local.buildReadme(options, onError);","        };","","        local.testCase_buildTest_default = local.testCase_buildTest_default || function (","            options,","            onError","        ) {","        /*","         * this function will test buildTest's default handling-behavior","         */","            options = {};","            local.buildTest(options, onError);","        };","","        local.testCase_webpage_default = local.testCase_webpage_default || function (","            options,","            onError","        ) {","        /*","         * this function will test webpage's default handling-behavior","         */","            options = { modeCoverageMerge: true, url: local.serverLocalHost + '?modeTest=1' };","            local.browserTest(options, onError);","        };","","        // run test-server","        local.testRunServer(local);","        break;","    }","}());",""],"l":{"12":2,"14":2,"19":2,"21":2,"23":2,"24":2,"25":2,"30":1,"37":2,"40":2,"43":1,"47":1,"50":1,"52":1,"55":2,"61":2,"62":2,"64":2,"70":1,"76":1,"82":2,"83":2,"85":2,"91":1,"98":1,"102":1,"105":1,"112":1,"119":1,"120":1,"123":1,"130":1,"131":1,"132":1,"133":1,"134":1,"135":1,"138":1,"143":2,"144":2,"147":1,"154":2,"155":2,"158":1,"165":2,"166":2,"169":1,"176":2,"177":2,"180":1,"187":1,"188":1,"192":1,"193":1}},"/home/travis/build/npmtest/node-npmtest-universal-analytics/lib.npmtest_universal_analytics.js":{"path":"/home/travis/build/npmtest/node-npmtest-universal-analytics/lib.npmtest_universal_analytics.js","s":{"1":2,"2":2,"3":2,"4":2,"5":2,"6":2,"7":2,"8":1,"9":2,"10":2,"11":2,"12":2,"13":1,"14":1,"15":1,"16":1},"b":{"1":[2,1,1,1],"2":[1,1,1,1],"3":[1,1],"4":[2,2],"5":[1,1]},"f":{"1":2,"2":2,"3":2},"fnMap":{"1":{"name":"(anonymous_1)","line":12,"loc":{"start":{"line":12,"column":1},"end":{"line":12,"column":13}}},"2":{"name":"(anonymous_2)","line":19,"loc":{"start":{"line":19,"column":5},"end":{"line":19,"column":17}}},"3":{"name":"(anonymous_3)","line":23,"loc":{"start":{"line":23,"column":24},"end":{"line":23,"column":36}}}},"statementMap":{"1":{"start":{"line":12,"column":0},"end":{"line":53,"column":5}},"2":{"start":{"line":14,"column":4},"end":{"line":14,"column":14}},"3":{"start":{"line":19,"column":4},"end":{"line":52,"column":9}},"4":{"start":{"line":21,"column":8},"end":{"line":21,"column":19}},"5":{"start":{"line":23,"column":8},"end":{"line":35,"column":13}},"6":{"start":{"line":24,"column":12},"end":{"line":34,"column":13}},"7":{"start":{"line":25,"column":16},"end":{"line":28,"column":30}},"8":{"start":{"line":30,"column":16},"end":{"line":33,"column":27}},"9":{"start":{"line":37,"column":8},"end":{"line":39,"column":21}},"10":{"start":{"line":41,"column":8},"end":{"line":41,"column":54}},"11":{"start":{"line":43,"column":8},"end":{"line":43,"column":64}},"12":{"start":{"line":45,"column":8},"end":{"line":51,"column":9}},"13":{"start":{"line":46,"column":12},"end":{"line":46,"column":70}},"14":{"start":{"line":48,"column":12},"end":{"line":48,"column":35}},"15":{"start":{"line":49,"column":12},"end":{"line":49,"column":49}},"16":{"start":{"line":50,"column":12},"end":{"line":50,"column":43}}},"branchMap":{"1":{"line":25,"type":"binary-expr","locations":[{"start":{"line":25,"column":23},"end":{"line":25,"column":62}},{"start":{"line":26,"column":20},"end":{"line":26,"column":70}},{"start":{"line":27,"column":20},"end":{"line":27,"column":71}},{"start":{"line":28,"column":20},"end":{"line":28,"column":29}}]},"2":{"line":30,"type":"binary-expr","locations":[{"start":{"line":30,"column":23},"end":{"line":30,"column":37}},{"start":{"line":31,"column":20},"end":{"line":31,"column":61}},{"start":{"line":32,"column":20},"end":{"line":32,"column":70}},{"start":{"line":33,"column":20},"end":{"line":33,"column":26}}]},"3":{"line":37,"type":"cond-expr","locations":[{"start":{"line":38,"column":14},"end":{"line":38,"column":20}},{"start":{"line":39,"column":14},"end":{"line":39,"column":20}}]},"4":{"line":41,"type":"binary-expr","locations":[{"start":{"line":41,"column":16},"end":{"line":41,"column":44}},{"start":{"line":41,"column":48},"end":{"line":41,"column":53}}]},"5":{"line":45,"type":"if","locations":[{"start":{"line":45,"column":8},"end":{"line":45,"column":8}},{"start":{"line":45,"column":8},"end":{"line":45,"column":8}}]}},"code":["/* istanbul instrument in package npmtest_universal_analytics */","/*jslint","    bitwise: true,","    browser: true,","    maxerr: 8,","    maxlen: 96,","    node: true,","    nomen: true,","    regexp: true,","    stupid: true","*/","(function () {","    'use strict';","    var local;","","","","    // run shared js-env code - init-before","    (function () {","        // init local","        local = {};","        // init modeJs","        local.modeJs = (function () {","            try {","                return typeof navigator.userAgent === 'string' &&","                    typeof document.querySelector('body') === 'object' &&","                    typeof XMLHttpRequest.prototype.open === 'function' &&","                    'browser';","            } catch (errorCaughtBrowser) {","                return module.exports &&","                    typeof process.versions.node === 'string' &&","                    typeof require('http').createServer === 'function' &&","                    'node';","            }","        }());","        // init global","        local.global = local.modeJs === 'browser'","            ? window","            : global;","        // init utility2_rollup","        local = local.global.utility2_rollup || local;","        // init lib","        local.local = local.npmtest_universal_analytics = local;","        // init exports","        if (local.modeJs === 'browser') {","            local.global.utility2_npmtest_universal_analytics = local;","        } else {","            module.exports = local;","            module.exports.__dirname = __dirname;","            module.exports.module = module;","        }","    }());","}());",""],"l":{"12":2,"14":2,"19":2,"21":2,"23":2,"24":2,"25":2,"30":1,"37":2,"41":2,"43":2,"45":2,"46":1,"48":1,"49":1,"50":1}},"/home/travis/build/npmtest/node-npmtest-universal-analytics/example.js":{"path":"/home/travis/build/npmtest/node-npmtest-universal-analytics/example.js","s":{"1":2,"2":2,"3":2,"4":2,"5":2,"6":2,"7":2,"8":1,"9":2,"10":2,"11":2,"12":2,"13":1,"14":2,"15":2,"16":2,"17":2,"18":2,"19":0,"20":2,"21":1,"22":1,"23":1,"24":1,"25":1,"26":0,"27":0,"28":1,"29":1,"30":2,"31":0,"32":0,"33":0,"34":1,"35":2,"36":2,"37":3,"38":3,"39":3,"40":3,"41":0,"42":3,"43":3,"44":3,"45":1,"46":3,"47":1,"48":1,"49":1,"50":1,"51":1,"52":1,"53":1,"54":1,"55":1,"56":1,"57":0,"58":1,"59":6,"60":6,"61":1,"62":2,"63":0,"64":2,"65":1,"66":1,"67":0,"68":0,"69":0,"70":0,"71":0,"72":0,"73":0,"74":0,"75":0,"76":0,"77":0,"78":0,"79":0,"80":0,"81":0,"82":0,"83":0},"b":{"1":[2,1,1,1],"2":[1,1,1,1],"3":[1,1],"4":[2,2],"5":[1,1],"6":[1,1],"7":[2,0],"8":[2,1,1,1,1,1],"9":[0,2,0],"10":[1,1],"11":[2,1,1],"12":[1,0],"13":[0,2],"14":[2,0,0,0,0,0,0],"15":[0,3],"16":[3,0],"17":[1,1],"18":[0,1],"19":[1,2,0,2],"20":[1,0],"21":[1,1],"22":[0,0],"23":[0,0],"24":[0,0],"25":[0,0],"26":[0,0],"27":[0,0],"28":[0,0]},"f":{"1":2,"2":2,"3":2,"4":2,"5":2,"6":2,"7":3,"8":3,"9":3,"10":1,"11":6,"12":0},"fnMap":{"1":{"name":"(anonymous_1)","line":26,"loc":{"start":{"line":26,"column":1},"end":{"line":26,"column":13}}},"2":{"name":"(anonymous_2)","line":33,"loc":{"start":{"line":33,"column":5},"end":{"line":33,"column":17}}},"3":{"name":"(anonymous_3)","line":37,"loc":{"start":{"line":37,"column":24},"end":{"line":37,"column":36}}},"4":{"name":"(anonymous_4)","line":69,"loc":{"start":{"line":69,"column":31},"end":{"line":69,"column":48}},"skip":true},"5":{"name":"(anonymous_5)","line":78,"loc":{"start":{"line":78,"column":26},"end":{"line":78,"column":45}},"skip":true},"6":{"name":"(anonymous_6)","line":123,"loc":{"start":{"line":123,"column":33},"end":{"line":123,"column":48}},"skip":true},"7":{"name":"(anonymous_7)","line":125,"loc":{"start":{"line":125,"column":27},"end":{"line":125,"column":39}},"skip":true},"8":{"name":"(anonymous_8)","line":133,"loc":{"start":{"line":133,"column":59},"end":{"line":133,"column":74}},"skip":true},"9":{"name":"(anonymous_9)","line":143,"loc":{"start":{"line":143,"column":45},"end":{"line":143,"column":62}},"skip":true},"10":{"name":"(anonymous_10)","line":144,"loc":{"start":{"line":144,"column":73},"end":{"line":144,"column":92}},"skip":true},"11":{"name":"(anonymous_11)","line":272,"loc":{"start":{"line":272,"column":51},"end":{"line":272,"column":77}},"skip":true},"12":{"name":"(anonymous_12)","line":315,"loc":{"start":{"line":315,"column":32},"end":{"line":315,"column":61}},"skip":true}},"statementMap":{"1":{"start":{"line":26,"column":0},"end":{"line":326,"column":5}},"2":{"start":{"line":28,"column":4},"end":{"line":28,"column":14}},"3":{"start":{"line":33,"column":4},"end":{"line":60,"column":9}},"4":{"start":{"line":35,"column":8},"end":{"line":35,"column":19}},"5":{"start":{"line":37,"column":8},"end":{"line":49,"column":13}},"6":{"start":{"line":38,"column":12},"end":{"line":48,"column":13}},"7":{"start":{"line":39,"column":16},"end":{"line":42,"column":30}},"8":{"start":{"line":44,"column":16},"end":{"line":47,"column":27}},"9":{"start":{"line":51,"column":8},"end":{"line":53,"column":21}},"10":{"start":{"line":55,"column":8},"end":{"line":57,"column":45}},"11":{"start":{"line":59,"column":8},"end":{"line":59,"column":35}},"12":{"start":{"line":61,"column":4},"end":{"line":325,"column":5}},"13":{"start":{"line":69,"column":8},"end":{"line":121,"column":10},"skip":true},"14":{"start":{"line":70,"column":12},"end":{"line":88,"column":13},"skip":true},"15":{"start":{"line":76,"column":16},"end":{"line":87,"column":19},"skip":true},"16":{"start":{"line":79,"column":20},"end":{"line":86,"column":21},"skip":true},"17":{"start":{"line":82,"column":24},"end":{"line":82,"column":43},"skip":true},"18":{"start":{"line":83,"column":24},"end":{"line":83,"column":30},"skip":true},"19":{"start":{"line":85,"column":24},"end":{"line":85,"column":49},"skip":true},"20":{"start":{"line":89,"column":12},"end":{"line":107,"column":13},"skip":true},"21":{"start":{"line":92,"column":16},"end":{"line":102,"column":17},"skip":true},"22":{"start":{"line":93,"column":20},"end":{"line":93,"column":86},"skip":true},"23":{"start":{"line":94,"column":20},"end":{"line":95,"column":45},"skip":true},"24":{"start":{"line":96,"column":20},"end":{"line":96,"column":42},"skip":true},"25":{"start":{"line":97,"column":20},"end":{"line":97,"column":48},"skip":true},"26":{"start":{"line":100,"column":20},"end":{"line":100,"column":85},"skip":true},"27":{"start":{"line":101,"column":20},"end":{"line":101,"column":96},"skip":true},"28":{"start":{"line":103,"column":16},"end":{"line":103,"column":22},"skip":true},"29":{"start":{"line":106,"column":16},"end":{"line":106,"column":22},"skip":true},"30":{"start":{"line":108,"column":12},"end":{"line":120,"column":13},"skip":true},"31":{"start":{"line":114,"column":16},"end":{"line":119,"column":17},"skip":true},"32":{"start":{"line":116,"column":20},"end":{"line":116,"column":78},"skip":true},"33":{"start":{"line":118,"column":20},"end":{"line":118,"column":47},"skip":true},"34":{"start":{"line":123,"column":8},"end":{"line":141,"column":11},"skip":true},"35":{"start":{"line":124,"column":12},"end":{"line":124,"column":54},"skip":true},"36":{"start":{"line":125,"column":12},"end":{"line":140,"column":14},"skip":true},"37":{"start":{"line":126,"column":16},"end":{"line":126,"column":28},"skip":true},"38":{"start":{"line":127,"column":16},"end":{"line":127,"column":69},"skip":true},"39":{"start":{"line":128,"column":16},"end":{"line":128,"column":75},"skip":true},"40":{"start":{"line":129,"column":16},"end":{"line":131,"column":17},"skip":true},"41":{"start":{"line":130,"column":20},"end":{"line":130,"column":27},"skip":true},"42":{"start":{"line":133,"column":16},"end":{"line":137,"column":36},"skip":true},"43":{"start":{"line":134,"column":20},"end":{"line":136,"column":55},"skip":true},"44":{"start":{"line":139,"column":16},"end":{"line":139,"column":57},"skip":true},"45":{"start":{"line":143,"column":8},"end":{"line":147,"column":11},"skip":true},"46":{"start":{"line":144,"column":12},"end":{"line":146,"column":15},"skip":true},"47":{"start":{"line":145,"column":16},"end":{"line":145,"column":70},"skip":true},"48":{"start":{"line":149,"column":8},"end":{"line":149,"column":31},"skip":true},"49":{"start":{"line":150,"column":8},"end":{"line":150,"column":14},"skip":true},"50":{"start":{"line":158,"column":8},"end":{"line":158,"column":31},"skip":true},"51":{"start":{"line":160,"column":8},"end":{"line":160,"column":33},"skip":true},"52":{"start":{"line":161,"column":8},"end":{"line":161,"column":37},"skip":true},"53":{"start":{"line":162,"column":8},"end":{"line":162,"column":35},"skip":true},"54":{"start":{"line":164,"column":8},"end":{"line":164,"column":50},"skip":true},"55":{"start":{"line":166,"column":8},"end":{"line":256,"column":2},"skip":true},"56":{"start":{"line":258,"column":8},"end":{"line":286,"column":9},"skip":true},"57":{"start":{"line":259,"column":12},"end":{"line":269,"column":14},"skip":true},"58":{"start":{"line":271,"column":12},"end":{"line":285,"column":19},"skip":true},"59":{"start":{"line":274,"column":20},"end":{"line":274,"column":35},"skip":true},"60":{"start":{"line":275,"column":20},"end":{"line":284,"column":21},"skip":true},"61":{"start":{"line":277,"column":24},"end":{"line":277,"column":64},"skip":true},"62":{"start":{"line":279,"column":24},"end":{"line":279,"column":40},"skip":true},"63":{"start":{"line":281,"column":24},"end":{"line":281,"column":40},"skip":true},"64":{"start":{"line":283,"column":24},"end":{"line":283,"column":39},"skip":true},"65":{"start":{"line":288,"column":8},"end":{"line":290,"column":9},"skip":true},"66":{"start":{"line":289,"column":12},"end":{"line":289,"column":18},"skip":true},"67":{"start":{"line":291,"column":8},"end":{"line":293,"column":54},"skip":true},"68":{"start":{"line":296,"column":8},"end":{"line":301,"column":37},"skip":true},"69":{"start":{"line":303,"column":8},"end":{"line":303,"column":82},"skip":true},"70":{"start":{"line":306,"column":8},"end":{"line":308,"column":9},"skip":true},"71":{"start":{"line":307,"column":12},"end":{"line":307,"column":82},"skip":true},"72":{"start":{"line":310,"column":8},"end":{"line":312,"column":9},"skip":true},"73":{"start":{"line":311,"column":12},"end":{"line":311,"column":18},"skip":true},"74":{"start":{"line":313,"column":8},"end":{"line":313,"column":54},"skip":true},"75":{"start":{"line":314,"column":8},"end":{"line":314,"column":69},"skip":true},"76":{"start":{"line":315,"column":8},"end":{"line":323,"column":36},"skip":true},"77":{"start":{"line":316,"column":12},"end":{"line":316,"column":61},"skip":true},"78":{"start":{"line":317,"column":12},"end":{"line":320,"column":13},"skip":true},"79":{"start":{"line":318,"column":16},"end":{"line":318,"column":75},"skip":true},"80":{"start":{"line":319,"column":16},"end":{"line":319,"column":23},"skip":true},"81":{"start":{"line":321,"column":12},"end":{"line":321,"column":38},"skip":true},"82":{"start":{"line":322,"column":12},"end":{"line":322,"column":27},"skip":true},"83":{"start":{"line":324,"column":8},"end":{"line":324,"column":14},"skip":true}},"branchMap":{"1":{"line":39,"type":"binary-expr","locations":[{"start":{"line":39,"column":23},"end":{"line":39,"column":62}},{"start":{"line":40,"column":20},"end":{"line":40,"column":70}},{"start":{"line":41,"column":20},"end":{"line":41,"column":71}},{"start":{"line":42,"column":20},"end":{"line":42,"column":29}}]},"2":{"line":44,"type":"binary-expr","locations":[{"start":{"line":44,"column":23},"end":{"line":44,"column":37}},{"start":{"line":45,"column":20},"end":{"line":45,"column":61}},{"start":{"line":46,"column":20},"end":{"line":46,"column":70}},{"start":{"line":47,"column":20},"end":{"line":47,"column":26}}]},"3":{"line":51,"type":"cond-expr","locations":[{"start":{"line":52,"column":14},"end":{"line":52,"column":20}},{"start":{"line":53,"column":14},"end":{"line":53,"column":20}}]},"4":{"line":55,"type":"binary-expr","locations":[{"start":{"line":55,"column":16},"end":{"line":55,"column":44}},{"start":{"line":55,"column":49},"end":{"line":57,"column":43}}]},"5":{"line":55,"type":"cond-expr","locations":[{"start":{"line":56,"column":14},"end":{"line":56,"column":63}},{"start":{"line":57,"column":14},"end":{"line":57,"column":43}}]},"6":{"line":61,"type":"switch","locations":[{"start":{"line":68,"column":4},"end":{"line":150,"column":14},"skip":true},{"start":{"line":156,"column":4},"end":{"line":324,"column":14},"skip":true}]},"7":{"line":70,"type":"if","locations":[{"start":{"line":70,"column":12},"end":{"line":70,"column":12},"skip":true},{"start":{"line":70,"column":12},"end":{"line":70,"column":12},"skip":true}]},"8":{"line":70,"type":"binary-expr","locations":[{"start":{"line":70,"column":16},"end":{"line":70,"column":22},"skip":true},{"start":{"line":70,"column":27},"end":{"line":70,"column":32},"skip":true},{"start":{"line":71,"column":20},"end":{"line":71,"column":39},"skip":true},{"start":{"line":72,"column":20},"end":{"line":72,"column":49},"skip":true},{"start":{"line":73,"column":20},"end":{"line":73,"column":58},"skip":true},{"start":{"line":74,"column":20},"end":{"line":74,"column":69},"skip":true}]},"9":{"line":79,"type":"switch","locations":[{"start":{"line":80,"column":20},"end":{"line":80,"column":33},"skip":true},{"start":{"line":81,"column":20},"end":{"line":83,"column":30},"skip":true},{"start":{"line":84,"column":20},"end":{"line":85,"column":49},"skip":true}]},"10":{"line":89,"type":"switch","locations":[{"start":{"line":90,"column":12},"end":{"line":103,"column":22},"skip":true},{"start":{"line":105,"column":12},"end":{"line":106,"column":22},"skip":true}]},"11":{"line":89,"type":"binary-expr","locations":[{"start":{"line":89,"column":20},"end":{"line":89,"column":25},"skip":true},{"start":{"line":89,"column":29},"end":{"line":89,"column":48},"skip":true},{"start":{"line":89,"column":52},"end":{"line":89,"column":74},"skip":true}]},"12":{"line":92,"type":"if","locations":[{"start":{"line":92,"column":16},"end":{"line":92,"column":16},"skip":true},{"start":{"line":92,"column":16},"end":{"line":92,"column":16},"skip":true}]},"13":{"line":108,"type":"if","locations":[{"start":{"line":108,"column":12},"end":{"line":108,"column":12},"skip":true},{"start":{"line":108,"column":12},"end":{"line":108,"column":12},"skip":true}]},"14":{"line":108,"type":"binary-expr","locations":[{"start":{"line":108,"column":16},"end":{"line":108,"column":61},"skip":true},{"start":{"line":108,"column":66},"end":{"line":108,"column":72},"skip":true},{"start":{"line":108,"column":77},"end":{"line":108,"column":82},"skip":true},{"start":{"line":109,"column":20},"end":{"line":109,"column":39},"skip":true},{"start":{"line":110,"column":20},"end":{"line":110,"column":49},"skip":true},{"start":{"line":111,"column":20},"end":{"line":111,"column":58},"skip":true},{"start":{"line":112,"column":20},"end":{"line":112,"column":68},"skip":true}]},"15":{"line":129,"type":"if","locations":[{"start":{"line":129,"column":16},"end":{"line":129,"column":16},"skip":true},{"start":{"line":129,"column":16},"end":{"line":129,"column":16},"skip":true}]},"16":{"line":134,"type":"cond-expr","locations":[{"start":{"line":135,"column":26},"end":{"line":135,"column":29},"skip":true},{"start":{"line":136,"column":26},"end":{"line":136,"column":54},"skip":true}]},"17":{"line":164,"type":"binary-expr","locations":[{"start":{"line":164,"column":27},"end":{"line":164,"column":43},"skip":true},{"start":{"line":164,"column":47},"end":{"line":164,"column":49},"skip":true}]},"18":{"line":258,"type":"if","locations":[{"start":{"line":258,"column":8},"end":{"line":258,"column":8},"skip":true},{"start":{"line":258,"column":8},"end":{"line":258,"column":8},"skip":true}]},"19":{"line":275,"type":"switch","locations":[{"start":{"line":276,"column":20},"end":{"line":277,"column":64},"skip":true},{"start":{"line":278,"column":20},"end":{"line":279,"column":40},"skip":true},{"start":{"line":280,"column":20},"end":{"line":281,"column":40},"skip":true},{"start":{"line":282,"column":20},"end":{"line":283,"column":39},"skip":true}]},"20":{"line":288,"type":"if","locations":[{"start":{"line":288,"column":8},"end":{"line":288,"column":8},"skip":true},{"start":{"line":288,"column":8},"end":{"line":288,"column":8},"skip":true}]},"21":{"line":288,"type":"binary-expr","locations":[{"start":{"line":288,"column":12},"end":{"line":288,"column":40},"skip":true},{"start":{"line":288,"column":44},"end":{"line":288,"column":67},"skip":true}]},"22":{"line":292,"type":"binary-expr","locations":[{"start":{"line":292,"column":12},"end":{"line":292,"column":50},"skip":true},{"start":{"line":293,"column":12},"end":{"line":293,"column":53},"skip":true}]},"23":{"line":297,"type":"binary-expr","locations":[{"start":{"line":297,"column":12},"end":{"line":297,"column":77},"skip":true},{"start":{"line":298,"column":12},"end":{"line":301,"column":36},"skip":true}]},"24":{"line":303,"type":"binary-expr","locations":[{"start":{"line":303,"column":43},"end":{"line":303,"column":75},"skip":true},{"start":{"line":303,"column":79},"end":{"line":303,"column":81},"skip":true}]},"25":{"line":306,"type":"if","locations":[{"start":{"line":306,"column":8},"end":{"line":306,"column":8},"skip":true},{"start":{"line":306,"column":8},"end":{"line":306,"column":8},"skip":true}]},"26":{"line":310,"type":"if","locations":[{"start":{"line":310,"column":8},"end":{"line":310,"column":8},"skip":true},{"start":{"line":310,"column":8},"end":{"line":310,"column":8},"skip":true}]},"27":{"line":313,"type":"binary-expr","locations":[{"start":{"line":313,"column":27},"end":{"line":313,"column":43},"skip":true},{"start":{"line":313,"column":47},"end":{"line":313,"column":53},"skip":true}]},"28":{"line":317,"type":"if","locations":[{"start":{"line":317,"column":12},"end":{"line":317,"column":12},"skip":true},{"start":{"line":317,"column":12},"end":{"line":317,"column":12},"skip":true}]}},"code":["/*","example.js","","quickstart example","","instruction","    1. save this script as example.js","    2. run the shell command:","        $ npm install npmtest-universal-analytics && PORT=8081 node example.js","    3. play with the browser-demo on http://127.0.0.1:8081","*/","","","","/* istanbul instrument in package npmtest_universal_analytics */","/*jslint","    bitwise: true,","    browser: true,","    maxerr: 8,","    maxlen: 96,","    node: true,","    nomen: true,","    regexp: true,","    stupid: true","*/","(function () {","    'use strict';","    var local;","","","","    // run shared js-env code - init-before","    (function () {","        // init local","        local = {};","        // init modeJs","        local.modeJs = (function () {","            try {","                return typeof navigator.userAgent === 'string' &&","                    typeof document.querySelector('body') === 'object' &&","                    typeof XMLHttpRequest.prototype.open === 'function' &&","                    'browser';","            } catch (errorCaughtBrowser) {","                return module.exports &&","                    typeof process.versions.node === 'string' &&","                    typeof require('http').createServer === 'function' &&","                    'node';","            }","        }());","        // init global","        local.global = local.modeJs === 'browser'","            ? window","            : global;","        // init utility2_rollup","        local = local.global.utility2_rollup || (local.modeJs === 'browser'","            ? local.global.utility2_npmtest_universal_analytics","            : global.utility2_moduleExports);","        // export local","        local.global.local = local;","    }());","    switch (local.modeJs) {","","","","    // init-after","    // run browser js-env code - init-after","    /* istanbul ignore next */","    case 'browser':","        local.testRunBrowser = function (event) {","            if (!event || (event &&","                    event.currentTarget &&","                    event.currentTarget.className &&","                    event.currentTarget.className.includes &&","                    event.currentTarget.className.includes('onreset'))) {","                // reset output","                Array.from(","                    document.querySelectorAll('body > .resettable')","                ).forEach(function (element) {","                    switch (element.tagName) {","                    case 'INPUT':","                    case 'TEXTAREA':","                        element.value = '';","                        break;","                    default:","                        element.textContent = '';","                    }","                });","            }","            switch (event && event.currentTarget && event.currentTarget.id) {","            case 'testRunButton1':","                // show tests","                if (document.querySelector('#testReportDiv1').style.display === 'none') {","                    document.querySelector('#testReportDiv1').style.display = 'block';","                    document.querySelector('#testRunButton1').textContent =","                        'hide internal test';","                    local.modeTest = true;","                    local.testRunDefault(local);","                // hide tests","                } else {","                    document.querySelector('#testReportDiv1').style.display = 'none';","                    document.querySelector('#testRunButton1').textContent = 'run internal test';","                }","                break;","            // custom-case","            default:","                break;","            }","            if (document.querySelector('#inputTextareaEval1') && (!event || (event &&","                    event.currentTarget &&","                    event.currentTarget.className &&","                    event.currentTarget.className.includes &&","                    event.currentTarget.className.includes('oneval')))) {","                // try to eval input-code","                try {","                    /*jslint evil: true*/","                    eval(document.querySelector('#inputTextareaEval1').value);","                } catch (errorCaught) {","                    console.error(errorCaught);","                }","            }","        };","        // log stderr and stdout to #outputTextareaStdout1","        ['error', 'log'].forEach(function (key) {","            console[key + '_original'] = console[key];","            console[key] = function () {","                var element;","                console[key + '_original'].apply(console, arguments);","                element = document.querySelector('#outputTextareaStdout1');","                if (!element) {","                    return;","                }","                // append text to #outputTextareaStdout1","                element.value += Array.from(arguments).map(function (arg) {","                    return typeof arg === 'string'","                        ? arg","                        : JSON.stringify(arg, null, 4);","                }).join(' ') + '\\n';","                // scroll textarea to bottom","                element.scrollTop = element.scrollHeight;","            };","        });","        // init event-handling","        ['change', 'click', 'keyup'].forEach(function (event) {","            Array.from(document.querySelectorAll('.on' + event)).forEach(function (element) {","                element.addEventListener(event, local.testRunBrowser);","            });","        });","        // run tests","        local.testRunBrowser();","        break;","","","","    // run node js-env code - init-after","    /* istanbul ignore next */","    case 'node':","        // export local","        module.exports = local;","        // require modules","        local.fs = require('fs');","        local.http = require('http');","        local.url = require('url');","        // init assets","        local.assetsDict = local.assetsDict || {};","        /* jslint-ignore-begin */","        local.assetsDict['/assets.index.template.html'] = '\\","<!doctype html>\\n\\","<html lang=\"en\">\\n\\","<head>\\n\\","<meta charset=\"UTF-8\">\\n\\","<meta name=\"viewport\" content=\"width=device-width, initial-scale=1\">\\n\\","<title>{{env.npm_package_name}} (v{{env.npm_package_version}})</title>\\n\\","<style>\\n\\","/*csslint\\n\\","    box-sizing: false,\\n\\","    universal-selector: false\\n\\","*/\\n\\","* {\\n\\","    box-sizing: border-box;\\n\\","}\\n\\","body {\\n\\","    background: #dde;\\n\\","    font-family: Arial, Helvetica, sans-serif;\\n\\","    margin: 2rem;\\n\\","}\\n\\","body > * {\\n\\","    margin-bottom: 1rem;\\n\\","}\\n\\",".utility2FooterDiv {\\n\\","    margin-top: 20px;\\n\\","    text-align: center;\\n\\","}\\n\\","</style>\\n\\","<style>\\n\\","/*csslint\\n\\","*/\\n\\","textarea {\\n\\","    font-family: monospace;\\n\\","    height: 10rem;\\n\\","    width: 100%;\\n\\","}\\n\\","textarea[readonly] {\\n\\","    background: #ddd;\\n\\","}\\n\\","</style>\\n\\","</head>\\n\\","<body>\\n\\","<!-- utility2-comment\\n\\","<div id=\"ajaxProgressDiv1\" style=\"background: #d00; height: 2px; left: 0; margin: 0; padding: 0; position: fixed; top: 0; transition: background 0.5s, width 1.5s; width: 25%;\"></div>\\n\\","utility2-comment -->\\n\\","<h1>\\n\\","<!-- utility2-comment\\n\\","    <a\\n\\","        {{#if env.npm_package_homepage}}\\n\\","        href=\"{{env.npm_package_homepage}}\"\\n\\","        {{/if env.npm_package_homepage}}\\n\\","        target=\"_blank\"\\n\\","    >\\n\\","utility2-comment -->\\n\\","        {{env.npm_package_name}} (v{{env.npm_package_version}})\\n\\","<!-- utility2-comment\\n\\","    </a>\\n\\","utility2-comment -->\\n\\","</h1>\\n\\","<h3>{{env.npm_package_description}}</h3>\\n\\","<!-- utility2-comment\\n\\","<h4><a download href=\"assets.app.js\">download standalone app</a></h4>\\n\\","<button class=\"onclick onreset\" id=\"testRunButton1\">run internal test</button><br>\\n\\","<div id=\"testReportDiv1\" style=\"display: none;\"></div>\\n\\","utility2-comment -->\\n\\","\\n\\","\\n\\","\\n\\","<label>stderr and stdout</label>\\n\\","<textarea class=\"resettable\" id=\"outputTextareaStdout1\" readonly></textarea>\\n\\","<!-- utility2-comment\\n\\","{{#if isRollup}}\\n\\","<script src=\"assets.app.js\"></script>\\n\\","{{#unless isRollup}}\\n\\","utility2-comment -->\\n\\","<script src=\"assets.utility2.rollup.js\"></script>\\n\\","<script src=\"jsonp.utility2._stateInit?callback=window.utility2._stateInit\"></script>\\n\\","<script src=\"assets.npmtest_universal_analytics.rollup.js\"></script>\\n\\","<script src=\"assets.example.js\"></script>\\n\\","<script src=\"assets.test.js\"></script>\\n\\","<!-- utility2-comment\\n\\","{{/if isRollup}}\\n\\","utility2-comment -->\\n\\","<div class=\"utility2FooterDiv\">\\n\\","    [ this app was created with\\n\\","    <a href=\"https://github.com/kaizhu256/node-utility2\" target=\"_blank\">utility2</a>\\n\\","    ]\\n\\","</div>\\n\\","</body>\\n\\","</html>\\n\\","';","        /* jslint-ignore-end */","        if (local.templateRender) {","            local.assetsDict['/'] = local.templateRender(","                local.assetsDict['/assets.index.template.html'],","                {","                    env: local.objectSetDefault(local.env, {","                        npm_package_description: 'the greatest app in the world!',","                        npm_package_name: 'my-app',","                        npm_package_nameAlias: 'my_app',","                        npm_package_version: '0.0.1'","                    })","                }","            );","        } else {","            local.assetsDict['/'] = local.assetsDict['/assets.index.template.html']","                .replace((/\\{\\{env\\.(\\w+?)\\}\\}/g), function (match0, match1) {","                    // jslint-hack","                    String(match0);","                    switch (match1) {","                    case 'npm_package_description':","                        return 'the greatest app in the world!';","                    case 'npm_package_name':","                        return 'my-app';","                    case 'npm_package_nameAlias':","                        return 'my_app';","                    case 'npm_package_version':","                        return '0.0.1';","                    }","                });","        }","        // run the cli","        if (local.global.utility2_rollup || module !== require.main) {","            break;","        }","        local.assetsDict['/assets.example.js'] =","            local.assetsDict['/assets.example.js'] ||","            local.fs.readFileSync(__filename, 'utf8');","        // bug-workaround - long $npm_package_buildCustomOrg","        /* jslint-ignore-begin */","        local.assetsDict['/assets.npmtest_universal_analytics.rollup.js'] =","            local.assetsDict['/assets.npmtest_universal_analytics.rollup.js'] ||","            local.fs.readFileSync(","                local.npmtest_universal_analytics.__dirname + '/lib.npmtest_universal_analytics.js',","                'utf8'","            ).replace((/^#!/), '//');","        /* jslint-ignore-end */","        local.assetsDict['/favicon.ico'] = local.assetsDict['/favicon.ico'] || '';","        // if $npm_config_timeout_exit exists,","        // then exit this process after $npm_config_timeout_exit ms","        if (Number(process.env.npm_config_timeout_exit)) {","            setTimeout(process.exit, Number(process.env.npm_config_timeout_exit));","        }","        // start server","        if (local.global.utility2_serverHttp1) {","            break;","        }","        process.env.PORT = process.env.PORT || '8081';","        console.error('server starting on port ' + process.env.PORT);","        local.http.createServer(function (request, response) {","            request.urlParsed = local.url.parse(request.url);","            if (local.assetsDict[request.urlParsed.pathname] !== undefined) {","                response.end(local.assetsDict[request.urlParsed.pathname]);","                return;","            }","            response.statusCode = 404;","            response.end();","        }).listen(process.env.PORT);","        break;","    }","}());",""],"l":{"26":2,"28":2,"33":2,"35":2,"37":2,"38":2,"39":2,"44":1,"51":2,"55":2,"59":2,"61":2,"69":1,"70":2,"76":2,"79":2,"82":2,"83":2,"85":1,"89":2,"92":1,"93":1,"94":1,"96":1,"97":1,"100":1,"101":1,"103":1,"106":1,"108":2,"114":1,"116":1,"118":1,"123":1,"124":2,"125":2,"126":3,"127":3,"128":3,"129":3,"130":1,"133":3,"134":3,"139":3,"143":1,"144":3,"145":1,"149":1,"150":1,"158":1,"160":1,"161":1,"162":1,"164":1,"166":1,"258":1,"259":1,"271":1,"274":6,"275":6,"277":1,"279":2,"281":1,"283":2,"288":1,"289":1,"291":1,"296":1,"303":1,"306":1,"307":1,"310":1,"311":1,"313":1,"314":1,"315":1,"316":1,"317":1,"318":1,"319":1,"321":1,"322":1,"324":1}},"/home/travis/build/npmtest/node-npmtest-universal-analytics/node_modules/universal-analytics/index.js":{"path":"/home/travis/build/npmtest/node-npmtest-universal-analytics/node_modules/universal-analytics/index.js","s":{"1":2},"b":{},"f":{},"fnMap":{},"statementMap":{"1":{"start":{"line":2,"column":0},"end":{"line":2,"column":43}}},"branchMap":{},"code":["","module.exports = require('./lib/index.js');",""],"l":{"2":2}},"/home/travis/build/npmtest/node-npmtest-universal-analytics/node_modules/universal-analytics/lib/index.js":{"path":"/home/travis/build/npmtest/node-npmtest-universal-analytics/node_modules/universal-analytics/lib/index.js","s":{"1":2,"2":2,"3":2,"4":0,"5":0,"6":0,"7":0,"8":0,"9":0,"10":1,"11":0,"12":0,"13":0,"14":0,"15":0,"16":0,"17":0,"18":0,"19":0,"20":0,"21":0,"22":0,"23":0,"24":0,"25":0,"26":0,"27":0,"28":0,"29":0,"30":0,"31":0,"32":0,"33":0,"34":0,"35":0,"36":0,"37":0,"38":0,"39":0,"40":0,"41":0,"42":0,"43":0,"44":0,"45":0,"46":0,"47":0,"48":0,"49":0,"50":0,"51":0,"52":0,"53":0,"54":0,"55":0,"56":0,"57":0,"58":0,"59":0,"60":0,"61":0,"62":0,"63":0,"64":0,"65":0,"66":0,"67":0,"68":0,"69":0,"70":0,"71":0,"72":0,"73":0,"74":0,"75":0,"76":0,"77":0,"78":0,"79":0,"80":0,"81":0,"82":0,"83":0,"84":0,"85":0,"86":0,"87":0,"88":0,"89":0,"90":0,"91":0,"92":0,"93":0,"94":0,"95":0,"96":0,"97":0,"98":0,"99":0,"100":0,"101":0,"102":0,"103":0,"104":0,"105":0,"106":0,"107":0,"108":0,"109":0,"110":0,"111":0,"112":0,"113":0,"114":0,"115":0,"116":0,"117":0,"118":0,"119":0,"120":0,"121":0,"122":0,"123":0,"124":0,"125":0,"126":0,"127":0,"128":0,"129":0,"130":0,"131":0,"132":0,"133":0,"134":0,"135":0,"136":0,"137":0,"138":0,"139":0,"140":0,"141":0,"142":0,"143":0,"144":0,"145":0,"146":0,"147":0,"148":0,"149":0,"150":0,"151":0,"152":0,"153":0,"154":0,"155":0,"156":0,"157":0,"158":0,"159":0,"160":0,"161":0,"162":0,"163":0,"164":0,"165":0,"166":0,"167":0,"168":0,"169":0,"170":0,"171":0,"172":0,"173":0,"174":0,"175":0,"176":0,"177":0,"178":0,"179":0,"180":0,"181":0,"182":0,"183":0,"184":0,"185":0,"186":0,"187":0,"188":0,"189":0,"190":0,"191":0,"192":0,"193":0,"194":0,"195":0,"196":0,"197":0,"198":0,"199":0,"200":0,"201":0,"202":0,"203":0,"204":0,"205":0,"206":0,"207":0,"208":0,"209":0,"210":0,"211":0,"212":0,"213":0,"214":0,"215":0,"216":0,"217":0,"218":0,"219":0,"220":0,"221":0,"222":0,"223":0,"224":0,"225":0,"226":0,"227":0,"228":0,"229":0,"230":0,"231":0,"232":0,"233":0,"234":0,"235":0,"236":0,"237":0,"238":0,"239":0,"240":0,"241":0,"242":0,"243":0,"244":0,"245":0,"246":0,"247":0,"248":0,"249":0,"250":0,"251":0,"252":0,"253":0,"254":0,"255":0,"256":0,"257":0,"258":0,"259":0,"260":0,"261":0,"262":0,"263":0,"264":0,"265":0,"266":0,"267":0,"268":0,"269":0,"270":0,"271":0,"272":0,"273":0,"274":0,"275":0,"276":0,"277":0,"278":0,"279":0,"280":0,"281":0,"282":0,"283":0,"284":0,"285":0,"286":0,"287":0,"288":0,"289":0,"290":0,"291":0,"292":0,"293":0,"294":0,"295":0,"296":0,"297":0,"298":0,"299":0,"300":0,"301":0,"302":0,"303":0,"304":0,"305":0,"306":0,"307":0,"308":0,"309":0,"310":0,"311":0,"312":0,"313":0,"314":0,"315":0,"316":0,"317":0,"318":0,"319":0,"320":0,"321":0,"322":0,"323":0,"324":0,"325":0,"326":0,"327":0,"328":0,"329":0,"330":0},"b":{"1":[0,0],"2":[0,0],"3":[0,0],"4":[0,0],"5":[0,0],"6":[0,0],"7":[0,0],"8":[0,0],"9":[0,0],"10":[0,0],"11":[0,0],"12":[0,0],"13":[0,0],"14":[0,0],"15":[0,0],"16":[0,0],"17":[0,0],"18":[0,0],"19":[0,0],"20":[0,0],"21":[0,0],"22":[0,0],"23":[0,0],"24":[0,0],"25":[0,0],"26":[0,0],"27":[0,0],"28":[0,0],"29":[0,0],"30":[0,0,0],"31":[0,0,0],"32":[0,0,0],"33":[0,0],"34":[0,0],"35":[0,0],"36":[0,0],"37":[0,0],"38":[0,0],"39":[0,0],"40":[0,0],"41":[0,0],"42":[0,0],"43":[0,0],"44":[0,0,0],"45":[0,0,0],"46":[0,0,0],"47":[0,0,0],"48":[0,0,0],"49":[0,0],"50":[0,0],"51":[0,0],"52":[0,0],"53":[0,0],"54":[0,0],"55":[0,0],"56":[0,0],"57":[0,0],"58":[0,0,0],"59":[0,0,0],"60":[0,0,0],"61":[0,0,0],"62":[0,0,0,0],"63":[0,0],"64":[0,0],"65":[0,0],"66":[0,0],"67":[0,0],"68":[0,0],"69":[0,0],"70":[0,0],"71":[0,0],"72":[0,0],"73":[0,0,0],"74":[0,0,0],"75":[0,0,0],"76":[0,0,0],"77":[0,0,0],"78":[0,0,0],"79":[0,0],"80":[0,0],"81":[0,0],"82":[0,0],"83":[0,0],"84":[0,0],"85":[0,0],"86":[0,0],"87":[0,0],"88":[0,0,0],"89":[0,0,0],"90":[0,0,0],"91":[0,0,0],"92":[0,0,0],"93":[0,0,0],"94":[0,0],"95":[0,0],"96":[0,0],"97":[0,0],"98":[0,0],"99":[0,0],"100":[0,0],"101":[0,0,0],"102":[0,0,0],"103":[0,0],"104":[0,0],"105":[0,0],"106":[0,0],"107":[0,0],"108":[0,0],"109":[0,0],"110":[0,0],"111":[0,0,0],"112":[0,0,0],"113":[0,0,0],"114":[0,0,0],"115":[0,0],"116":[0,0],"117":[0,0],"118":[0,0],"119":[0,0],"120":[0,0],"121":[0,0],"122":[0,0],"123":[0,0],"124":[0,0],"125":[0,0],"126":[0,0],"127":[0,0],"128":[0,0],"129":[0,0],"130":[0,0],"131":[0,0],"132":[0,0],"133":[0,0],"134":[0,0],"135":[0,0]},"f":{"1":0,"2":0,"3":0,"4":0,"5":0,"6":0,"7":0,"8":0,"9":0,"10":0,"11":0,"12":0,"13":0,"14":0,"15":0,"16":0,"17":0,"18":0,"19":0,"20":0,"21":0,"22":0,"23":0,"24":0,"25":0,"26":0,"27":0,"28":0,"29":0,"30":0,"31":0},"fnMap":{"1":{"name":"init","line":15,"loc":{"start":{"line":15,"column":0},"end":{"line":15,"column":34}}},"2":{"name":"(anonymous_2)","line":19,"loc":{"start":{"line":19,"column":39},"end":{"line":19,"column":95}}},"3":{"name":"(anonymous_3)","line":66,"loc":{"start":{"line":66,"column":28},"end":{"line":66,"column":52}}},"4":{"name":"(anonymous_4)","line":73,"loc":{"start":{"line":73,"column":9},"end":{"line":73,"column":35}}},"5":{"name":"(anonymous_5)","line":97,"loc":{"start":{"line":97,"column":35},"end":{"line":97,"column":54}}},"6":{"name":"(anonymous_6)","line":107,"loc":{"start":{"line":107,"column":9},"end":{"line":107,"column":26}}},"7":{"name":"(anonymous_7)","line":114,"loc":{"start":{"line":114,"column":9},"end":{"line":114,"column":21}}},"8":{"name":"(anonymous_8)","line":119,"loc":{"start":{"line":119,"column":7},"end":{"line":119,"column":29}}},"9":{"name":"(anonymous_9)","line":124,"loc":{"start":{"line":124,"column":12},"end":{"line":124,"column":57}}},"10":{"name":"(anonymous_10)","line":161,"loc":{"start":{"line":161,"column":14},"end":{"line":161,"column":92}}},"11":{"name":"(anonymous_11)","line":206,"loc":{"start":{"line":206,"column":9},"end":{"line":206,"column":63}}},"12":{"name":"(anonymous_12)","line":246,"loc":{"start":{"line":246,"column":15},"end":{"line":246,"column":87}}},"13":{"name":"(anonymous_13)","line":291,"loc":{"start":{"line":291,"column":8},"end":{"line":291,"column":69}}},"14":{"name":"(anonymous_14)","line":337,"loc":{"start":{"line":337,"column":13},"end":{"line":337,"column":55}}},"15":{"name":"(anonymous_15)","line":369,"loc":{"start":{"line":369,"column":10},"end":{"line":369,"column":65}}},"16":{"name":"(anonymous_16)","line":406,"loc":{"start":{"line":406,"column":8},"end":{"line":406,"column":22}}},"17":{"name":"(anonymous_17)","line":409,"loc":{"start":{"line":409,"column":19},"end":{"line":409,"column":31}}},"18":{"name":"(anonymous_18)","line":412,"loc":{"start":{"line":412,"column":15},"end":{"line":412,"column":27}}},"19":{"name":"(anonymous_19)","line":416,"loc":{"start":{"line":416,"column":18},"end":{"line":416,"column":35}}},"20":{"name":"(anonymous_20)","line":417,"loc":{"start":{"line":417,"column":24},"end":{"line":417,"column":36}}},"21":{"name":"(anonymous_21)","line":420,"loc":{"start":{"line":420,"column":19},"end":{"line":420,"column":33}}},"22":{"name":"(anonymous_22)","line":443,"loc":{"start":{"line":443,"column":33},"end":{"line":443,"column":48}}},"23":{"name":"(anonymous_23)","line":450,"loc":{"start":{"line":450,"column":12},"end":{"line":450,"column":40}}},"24":{"name":"(anonymous_24)","line":485,"loc":{"start":{"line":485,"column":16},"end":{"line":485,"column":39}}},"25":{"name":"(anonymous_25)","line":493,"loc":{"start":{"line":493,"column":17},"end":{"line":493,"column":29}}},"26":{"name":"(anonymous_26)","line":513,"loc":{"start":{"line":513,"column":20},"end":{"line":513,"column":38}}},"27":{"name":"(anonymous_27)","line":515,"loc":{"start":{"line":515,"column":99},"end":{"line":515,"column":112}}},"28":{"name":"(anonymous_28)","line":524,"loc":{"start":{"line":524,"column":20},"end":{"line":524,"column":38}}},"29":{"name":"(anonymous_29)","line":536,"loc":{"start":{"line":536,"column":19},"end":{"line":536,"column":37}}},"30":{"name":"(anonymous_30)","line":546,"loc":{"start":{"line":546,"column":8},"end":{"line":546,"column":27}}},"31":{"name":"(anonymous_31)","line":551,"loc":{"start":{"line":551,"column":16},"end":{"line":551,"column":35}}}},"statementMap":{"1":{"start":{"line":2,"column":0},"end":{"line":2,"column":29}},"2":{"start":{"line":3,"column":0},"end":{"line":3,"column":30}},"3":{"start":{"line":4,"column":0},"end":{"line":4,"column":33}},"4":{"start":{"line":5,"column":0},"end":{"line":5,"column":27}},"5":{"start":{"line":6,"column":0},"end":{"line":6,"column":41}},"6":{"start":{"line":8,"column":0},"end":{"line":8,"column":31}},"7":{"start":{"line":9,"column":0},"end":{"line":9,"column":33}},"8":{"start":{"line":10,"column":0},"end":{"line":10,"column":25}},"9":{"start":{"line":12,"column":0},"end":{"line":12,"column":22}},"10":{"start":{"line":15,"column":0},"end":{"line":17,"column":1}},"11":{"start":{"line":16,"column":2},"end":{"line":16,"column":40}},"12":{"start":{"line":19,"column":0},"end":{"line":61,"column":1}},"13":{"start":{"line":21,"column":2},"end":{"line":27,"column":3}},"14":{"start":{"line":22,"column":4},"end":{"line":22,"column":18}},"15":{"start":{"line":23,"column":4},"end":{"line":23,"column":21}},"16":{"start":{"line":24,"column":9},"end":{"line":27,"column":3}},"17":{"start":{"line":25,"column":4},"end":{"line":25,"column":18}},"18":{"start":{"line":26,"column":4},"end":{"line":26,"column":15}},"19":{"start":{"line":29,"column":2},"end":{"line":29,"column":19}},"20":{"start":{"line":31,"column":2},"end":{"line":31,"column":31}},"21":{"start":{"line":33,"column":2},"end":{"line":35,"column":3}},"22":{"start":{"line":34,"column":4},"end":{"line":34,"column":44}},"23":{"start":{"line":36,"column":2},"end":{"line":38,"column":3}},"24":{"start":{"line":37,"column":4},"end":{"line":37,"column":36}},"25":{"start":{"line":40,"column":2},"end":{"line":43,"column":3}},"26":{"start":{"line":41,"column":4},"end":{"line":41,"column":52}},"27":{"start":{"line":42,"column":4},"end":{"line":42,"column":55}},"28":{"start":{"line":45,"column":2},"end":{"line":47,"column":3}},"29":{"start":{"line":46,"column":4},"end":{"line":46,"column":45}},"30":{"start":{"line":49,"column":2},"end":{"line":51,"column":3}},"31":{"start":{"line":50,"column":4},"end":{"line":50,"column":46}},"32":{"start":{"line":53,"column":2},"end":{"line":53,"column":32}},"33":{"start":{"line":54,"column":2},"end":{"line":54,"column":50}},"34":{"start":{"line":56,"column":2},"end":{"line":56,"column":37}},"35":{"start":{"line":57,"column":2},"end":{"line":57,"column":97}},"36":{"start":{"line":58,"column":2},"end":{"line":60,"column":3}},"37":{"start":{"line":59,"column":4},"end":{"line":59,"column":32}},"38":{"start":{"line":66,"column":0},"end":{"line":93,"column":1}},"39":{"start":{"line":68,"column":2},"end":{"line":68,"column":17}},"40":{"start":{"line":69,"column":2},"end":{"line":69,"column":25}},"41":{"start":{"line":71,"column":2},"end":{"line":71,"column":60}},"42":{"start":{"line":73,"column":2},"end":{"line":92,"column":3}},"43":{"start":{"line":75,"column":4},"end":{"line":75,"column":64}},"44":{"start":{"line":77,"column":4},"end":{"line":77,"column":35}},"45":{"start":{"line":77,"column":21},"end":{"line":77,"column":35}},"46":{"start":{"line":79,"column":4},"end":{"line":79,"column":12}},"47":{"start":{"line":80,"column":4},"end":{"line":83,"column":5}},"48":{"start":{"line":81,"column":6},"end":{"line":81,"column":55}},"49":{"start":{"line":82,"column":6},"end":{"line":82,"column":42}},"50":{"start":{"line":85,"column":4},"end":{"line":85,"column":42}},"51":{"start":{"line":87,"column":4},"end":{"line":89,"column":5}},"52":{"start":{"line":88,"column":6},"end":{"line":88,"column":40}},"53":{"start":{"line":91,"column":4},"end":{"line":91,"column":11}},"54":{"start":{"line":97,"column":0},"end":{"line":101,"column":1}},"55":{"start":{"line":98,"column":2},"end":{"line":100,"column":3}},"56":{"start":{"line":99,"column":4},"end":{"line":99,"column":53}},"57":{"start":{"line":105,"column":0},"end":{"line":558,"column":1}},"58":{"start":{"line":108,"column":4},"end":{"line":108,"column":63}},"59":{"start":{"line":109,"column":4},"end":{"line":109,"column":32}},"60":{"start":{"line":110,"column":4},"end":{"line":110,"column":16}},"61":{"start":{"line":115,"column":4},"end":{"line":115,"column":25}},"62":{"start":{"line":116,"column":4},"end":{"line":116,"column":16}},"63":{"start":{"line":120,"column":4},"end":{"line":120,"column":58}},"64":{"start":{"line":121,"column":4},"end":{"line":121,"column":40}},"65":{"start":{"line":126,"column":4},"end":{"line":141,"column":5}},"66":{"start":{"line":127,"column":6},"end":{"line":127,"column":20}},"67":{"start":{"line":128,"column":6},"end":{"line":130,"column":7}},"68":{"start":{"line":129,"column":8},"end":{"line":129,"column":21}},"69":{"start":{"line":131,"column":6},"end":{"line":131,"column":38}},"70":{"start":{"line":132,"column":11},"end":{"line":141,"column":5}},"71":{"start":{"line":133,"column":6},"end":{"line":133,"column":19}},"72":{"start":{"line":134,"column":6},"end":{"line":134,"column":30}},"73":{"start":{"line":135,"column":11},"end":{"line":141,"column":5}},"74":{"start":{"line":136,"column":6},"end":{"line":136,"column":17}},"75":{"start":{"line":137,"column":6},"end":{"line":137,"column":19}},"76":{"start":{"line":138,"column":11},"end":{"line":141,"column":5}},"77":{"start":{"line":139,"column":6},"end":{"line":139,"column":18}},"78":{"start":{"line":140,"column":6},"end":{"line":140,"column":20}},"79":{"start":{"line":143,"column":4},"end":{"line":143,"column":43}},"80":{"start":{"line":145,"column":4},"end":{"line":145,"column":64}},"81":{"start":{"line":147,"column":4},"end":{"line":147,"column":54}},"82":{"start":{"line":148,"column":4},"end":{"line":148,"column":58}},"83":{"start":{"line":149,"column":4},"end":{"line":149,"column":55}},"84":{"start":{"line":151,"column":4},"end":{"line":151,"column":33}},"85":{"start":{"line":153,"column":4},"end":{"line":155,"column":5}},"86":{"start":{"line":154,"column":6},"end":{"line":154,"column":105}},"87":{"start":{"line":157,"column":4},"end":{"line":157,"column":70}},"88":{"start":{"line":163,"column":6},"end":{"line":184,"column":7}},"89":{"start":{"line":164,"column":10},"end":{"line":164,"column":30}},"90":{"start":{"line":165,"column":10},"end":{"line":167,"column":11}},"91":{"start":{"line":166,"column":14},"end":{"line":166,"column":26}},"92":{"start":{"line":168,"column":10},"end":{"line":168,"column":76}},"93":{"start":{"line":169,"column":13},"end":{"line":184,"column":7}},"94":{"start":{"line":170,"column":10},"end":{"line":170,"column":22}},"95":{"start":{"line":171,"column":10},"end":{"line":171,"column":63}},"96":{"start":{"line":172,"column":13},"end":{"line":184,"column":7}},"97":{"start":{"line":173,"column":10},"end":{"line":173,"column":26}},"98":{"start":{"line":174,"column":10},"end":{"line":174,"column":53}},"99":{"start":{"line":175,"column":13},"end":{"line":184,"column":7}},"100":{"start":{"line":176,"column":10},"end":{"line":176,"column":21}},"101":{"start":{"line":177,"column":10},"end":{"line":177,"column":40}},"102":{"start":{"line":178,"column":13},"end":{"line":184,"column":7}},"103":{"start":{"line":179,"column":10},"end":{"line":179,"column":30}},"104":{"start":{"line":180,"column":10},"end":{"line":180,"column":32}},"105":{"start":{"line":181,"column":13},"end":{"line":184,"column":7}},"106":{"start":{"line":182,"column":10},"end":{"line":182,"column":22}},"107":{"start":{"line":183,"column":10},"end":{"line":183,"column":24}},"108":{"start":{"line":186,"column":6},"end":{"line":186,"column":45}},"109":{"start":{"line":188,"column":6},"end":{"line":188,"column":66}},"110":{"start":{"line":190,"column":6},"end":{"line":190,"column":62}},"111":{"start":{"line":191,"column":6},"end":{"line":191,"column":59}},"112":{"start":{"line":192,"column":6},"end":{"line":192,"column":62}},"113":{"start":{"line":193,"column":6},"end":{"line":193,"column":60}},"114":{"start":{"line":194,"column":6},"end":{"line":194,"column":72}},"115":{"start":{"line":196,"column":6},"end":{"line":196,"column":35}},"116":{"start":{"line":198,"column":6},"end":{"line":200,"column":7}},"117":{"start":{"line":199,"column":10},"end":{"line":199,"column":106}},"118":{"start":{"line":202,"column":6},"end":{"line":202,"column":74}},"119":{"start":{"line":208,"column":4},"end":{"line":223,"column":5}},"120":{"start":{"line":209,"column":6},"end":{"line":209,"column":24}},"121":{"start":{"line":210,"column":6},"end":{"line":212,"column":7}},"122":{"start":{"line":211,"column":8},"end":{"line":211,"column":19}},"123":{"start":{"line":213,"column":6},"end":{"line":213,"column":47}},"124":{"start":{"line":214,"column":11},"end":{"line":223,"column":5}},"125":{"start":{"line":215,"column":6},"end":{"line":215,"column":17}},"126":{"start":{"line":216,"column":6},"end":{"line":216,"column":27}},"127":{"start":{"line":217,"column":11},"end":{"line":223,"column":5}},"128":{"start":{"line":218,"column":6},"end":{"line":218,"column":17}},"129":{"start":{"line":219,"column":6},"end":{"line":219,"column":19}},"130":{"start":{"line":220,"column":11},"end":{"line":223,"column":5}},"131":{"start":{"line":221,"column":6},"end":{"line":221,"column":18}},"132":{"start":{"line":222,"column":6},"end":{"line":222,"column":20}},"133":{"start":{"line":225,"column":4},"end":{"line":225,"column":43}},"134":{"start":{"line":227,"column":4},"end":{"line":227,"column":64}},"135":{"start":{"line":229,"column":4},"end":{"line":229,"column":58}},"136":{"start":{"line":230,"column":4},"end":{"line":230,"column":56}},"137":{"start":{"line":231,"column":4},"end":{"line":231,"column":55}},"138":{"start":{"line":232,"column":4},"end":{"line":232,"column":55}},"139":{"start":{"line":233,"column":4},"end":{"line":233,"column":76}},"140":{"start":{"line":235,"column":4},"end":{"line":235,"column":21}},"141":{"start":{"line":236,"column":4},"end":{"line":236,"column":33}},"142":{"start":{"line":238,"column":4},"end":{"line":240,"column":5}},"143":{"start":{"line":239,"column":6},"end":{"line":239,"column":110}},"144":{"start":{"line":242,"column":4},"end":{"line":242,"column":67}},"145":{"start":{"line":247,"column":4},"end":{"line":268,"column":5}},"146":{"start":{"line":248,"column":6},"end":{"line":248,"column":27}},"147":{"start":{"line":249,"column":6},"end":{"line":251,"column":7}},"148":{"start":{"line":250,"column":8},"end":{"line":250,"column":20}},"149":{"start":{"line":252,"column":6},"end":{"line":252,"column":66}},"150":{"start":{"line":253,"column":11},"end":{"line":268,"column":5}},"151":{"start":{"line":254,"column":6},"end":{"line":254,"column":19}},"152":{"start":{"line":255,"column":6},"end":{"line":255,"column":52}},"153":{"start":{"line":256,"column":11},"end":{"line":268,"column":5}},"154":{"start":{"line":257,"column":6},"end":{"line":257,"column":20}},"155":{"start":{"line":258,"column":6},"end":{"line":258,"column":42}},"156":{"start":{"line":259,"column":11},"end":{"line":268,"column":5}},"157":{"start":{"line":260,"column":6},"end":{"line":260,"column":15}},"158":{"start":{"line":261,"column":6},"end":{"line":261,"column":31}},"159":{"start":{"line":262,"column":11},"end":{"line":268,"column":5}},"160":{"start":{"line":263,"column":6},"end":{"line":263,"column":23}},"161":{"start":{"line":264,"column":6},"end":{"line":264,"column":25}},"162":{"start":{"line":265,"column":11},"end":{"line":268,"column":5}},"163":{"start":{"line":266,"column":6},"end":{"line":266,"column":18}},"164":{"start":{"line":267,"column":6},"end":{"line":267,"column":20}},"165":{"start":{"line":270,"column":4},"end":{"line":270,"column":43}},"166":{"start":{"line":272,"column":4},"end":{"line":272,"column":64}},"167":{"start":{"line":274,"column":4},"end":{"line":274,"column":61}},"168":{"start":{"line":275,"column":4},"end":{"line":275,"column":57}},"169":{"start":{"line":276,"column":4},"end":{"line":276,"column":58}},"170":{"start":{"line":277,"column":4},"end":{"line":277,"column":53}},"171":{"start":{"line":278,"column":4},"end":{"line":278,"column":61}},"172":{"start":{"line":279,"column":4},"end":{"line":279,"column":63}},"173":{"start":{"line":281,"column":4},"end":{"line":281,"column":33}},"174":{"start":{"line":283,"column":4},"end":{"line":285,"column":5}},"175":{"start":{"line":284,"column":6},"end":{"line":284,"column":84}},"176":{"start":{"line":287,"column":4},"end":{"line":287,"column":73}},"177":{"start":{"line":292,"column":4},"end":{"line":313,"column":5}},"178":{"start":{"line":293,"column":6},"end":{"line":293,"column":21}},"179":{"start":{"line":294,"column":6},"end":{"line":296,"column":7}},"180":{"start":{"line":295,"column":8},"end":{"line":295,"column":21}},"181":{"start":{"line":297,"column":6},"end":{"line":297,"column":55}},"182":{"start":{"line":298,"column":11},"end":{"line":313,"column":5}},"183":{"start":{"line":299,"column":6},"end":{"line":299,"column":20}},"184":{"start":{"line":300,"column":6},"end":{"line":300,"column":47}},"185":{"start":{"line":301,"column":11},"end":{"line":313,"column":5}},"186":{"start":{"line":302,"column":6},"end":{"line":302,"column":15}},"187":{"start":{"line":303,"column":6},"end":{"line":303,"column":36}},"188":{"start":{"line":304,"column":11},"end":{"line":313,"column":5}},"189":{"start":{"line":305,"column":6},"end":{"line":305,"column":16}},"190":{"start":{"line":306,"column":6},"end":{"line":306,"column":30}},"191":{"start":{"line":307,"column":11},"end":{"line":313,"column":5}},"192":{"start":{"line":308,"column":6},"end":{"line":308,"column":21}},"193":{"start":{"line":309,"column":6},"end":{"line":309,"column":23}},"194":{"start":{"line":310,"column":11},"end":{"line":313,"column":5}},"195":{"start":{"line":311,"column":6},"end":{"line":311,"column":18}},"196":{"start":{"line":312,"column":6},"end":{"line":312,"column":20}},"197":{"start":{"line":315,"column":4},"end":{"line":315,"column":43}},"198":{"start":{"line":317,"column":4},"end":{"line":317,"column":64}},"199":{"start":{"line":319,"column":4},"end":{"line":319,"column":55}},"200":{"start":{"line":320,"column":4},"end":{"line":320,"column":58}},"201":{"start":{"line":321,"column":4},"end":{"line":321,"column":53}},"202":{"start":{"line":322,"column":4},"end":{"line":322,"column":54}},"203":{"start":{"line":323,"column":4},"end":{"line":323,"column":59}},"204":{"start":{"line":324,"column":4},"end":{"line":324,"column":63}},"205":{"start":{"line":325,"column":4},"end":{"line":325,"column":46}},"206":{"start":{"line":327,"column":4},"end":{"line":327,"column":33}},"207":{"start":{"line":329,"column":4},"end":{"line":331,"column":5}},"208":{"start":{"line":330,"column":6},"end":{"line":330,"column":90}},"209":{"start":{"line":333,"column":4},"end":{"line":333,"column":66}},"210":{"start":{"line":339,"column":4},"end":{"line":351,"column":5}},"211":{"start":{"line":340,"column":6},"end":{"line":340,"column":27}},"212":{"start":{"line":341,"column":6},"end":{"line":343,"column":7}},"213":{"start":{"line":342,"column":8},"end":{"line":342,"column":19}},"214":{"start":{"line":344,"column":6},"end":{"line":344,"column":33}},"215":{"start":{"line":345,"column":11},"end":{"line":351,"column":5}},"216":{"start":{"line":346,"column":6},"end":{"line":346,"column":17}},"217":{"start":{"line":347,"column":6},"end":{"line":347,"column":16}},"218":{"start":{"line":348,"column":11},"end":{"line":351,"column":5}},"219":{"start":{"line":349,"column":6},"end":{"line":349,"column":18}},"220":{"start":{"line":350,"column":6},"end":{"line":350,"column":20}},"221":{"start":{"line":353,"column":4},"end":{"line":353,"column":43}},"222":{"start":{"line":355,"column":4},"end":{"line":355,"column":64}},"223":{"start":{"line":357,"column":4},"end":{"line":357,"column":64}},"224":{"start":{"line":358,"column":4},"end":{"line":358,"column":63}},"225":{"start":{"line":360,"column":4},"end":{"line":362,"column":5}},"226":{"start":{"line":361,"column":6},"end":{"line":361,"column":24}},"227":{"start":{"line":364,"column":4},"end":{"line":364,"column":33}},"228":{"start":{"line":366,"column":4},"end":{"line":366,"column":71}},"229":{"start":{"line":371,"column":4},"end":{"line":389,"column":5}},"230":{"start":{"line":372,"column":6},"end":{"line":372,"column":24}},"231":{"start":{"line":373,"column":6},"end":{"line":375,"column":7}},"232":{"start":{"line":374,"column":8},"end":{"line":374,"column":22}},"233":{"start":{"line":376,"column":6},"end":{"line":376,"column":48}},"234":{"start":{"line":377,"column":11},"end":{"line":389,"column":5}},"235":{"start":{"line":378,"column":6},"end":{"line":378,"column":20}},"236":{"start":{"line":379,"column":6},"end":{"line":379,"column":37}},"237":{"start":{"line":380,"column":11},"end":{"line":389,"column":5}},"238":{"start":{"line":381,"column":6},"end":{"line":381,"column":16}},"239":{"start":{"line":382,"column":6},"end":{"line":382,"column":26}},"240":{"start":{"line":383,"column":11},"end":{"line":389,"column":5}},"241":{"start":{"line":384,"column":6},"end":{"line":384,"column":17}},"242":{"start":{"line":385,"column":6},"end":{"line":385,"column":19}},"243":{"start":{"line":386,"column":11},"end":{"line":389,"column":5}},"244":{"start":{"line":387,"column":6},"end":{"line":387,"column":18}},"245":{"start":{"line":388,"column":6},"end":{"line":388,"column":20}},"246":{"start":{"line":391,"column":4},"end":{"line":391,"column":43}},"247":{"start":{"line":393,"column":4},"end":{"line":393,"column":64}},"248":{"start":{"line":395,"column":4},"end":{"line":395,"column":61}},"249":{"start":{"line":396,"column":4},"end":{"line":396,"column":61}},"250":{"start":{"line":397,"column":4},"end":{"line":397,"column":57}},"251":{"start":{"line":398,"column":4},"end":{"line":398,"column":58}},"252":{"start":{"line":400,"column":4},"end":{"line":400,"column":33}},"253":{"start":{"line":402,"column":4},"end":{"line":402,"column":68}},"254":{"start":{"line":407,"column":4},"end":{"line":407,"column":20}},"255":{"start":{"line":408,"column":4},"end":{"line":408,"column":18}},"256":{"start":{"line":409,"column":4},"end":{"line":409,"column":34}},"257":{"start":{"line":410,"column":4},"end":{"line":410,"column":69}},"258":{"start":{"line":412,"column":4},"end":{"line":414,"column":5}},"259":{"start":{"line":413,"column":6},"end":{"line":413,"column":36}},"260":{"start":{"line":416,"column":4},"end":{"line":418,"column":5}},"261":{"start":{"line":417,"column":6},"end":{"line":417,"column":85}},"262":{"start":{"line":417,"column":38},"end":{"line":417,"column":70}},"263":{"start":{"line":420,"column":4},"end":{"line":441,"column":5}},"264":{"start":{"line":421,"column":6},"end":{"line":421,"column":22}},"265":{"start":{"line":423,"column":6},"end":{"line":427,"column":7}},"266":{"start":{"line":424,"column":8},"end":{"line":424,"column":87}},"267":{"start":{"line":426,"column":8},"end":{"line":426,"column":41}},"268":{"start":{"line":429,"column":6},"end":{"line":429,"column":43}},"269":{"start":{"line":431,"column":6},"end":{"line":431,"column":82}},"270":{"start":{"line":433,"column":6},"end":{"line":433,"column":57}},"271":{"start":{"line":435,"column":6},"end":{"line":438,"column":9}},"272":{"start":{"line":440,"column":6},"end":{"line":440,"column":38}},"273":{"start":{"line":443,"column":4},"end":{"line":446,"column":7}},"274":{"start":{"line":444,"column":6},"end":{"line":444,"column":50}},"275":{"start":{"line":445,"column":6},"end":{"line":445,"column":44}},"276":{"start":{"line":452,"column":4},"end":{"line":455,"column":5}},"277":{"start":{"line":453,"column":6},"end":{"line":453,"column":18}},"278":{"start":{"line":454,"column":6},"end":{"line":454,"column":18}},"279":{"start":{"line":457,"column":4},"end":{"line":457,"column":49}},"280":{"start":{"line":459,"column":4},"end":{"line":464,"column":7}},"281":{"start":{"line":465,"column":4},"end":{"line":467,"column":5}},"282":{"start":{"line":466,"column":6},"end":{"line":466,"column":28}},"283":{"start":{"line":469,"column":4},"end":{"line":469,"column":29}},"284":{"start":{"line":471,"column":4},"end":{"line":473,"column":5}},"285":{"start":{"line":472,"column":6},"end":{"line":472,"column":36}},"286":{"start":{"line":475,"column":4},"end":{"line":475,"column":72}},"287":{"start":{"line":477,"column":4},"end":{"line":479,"column":5}},"288":{"start":{"line":478,"column":6},"end":{"line":478,"column":20}},"289":{"start":{"line":481,"column":4},"end":{"line":481,"column":16}},"290":{"start":{"line":486,"column":6},"end":{"line":486,"column":36}},"291":{"start":{"line":487,"column":6},"end":{"line":487,"column":45}},"292":{"start":{"line":488,"column":6},"end":{"line":488,"column":18}},"293":{"start":{"line":494,"column":4},"end":{"line":494,"column":57}},"294":{"start":{"line":495,"column":4},"end":{"line":495,"column":11}},"295":{"start":{"line":496,"column":4},"end":{"line":496,"column":33}},"296":{"start":{"line":497,"column":4},"end":{"line":497,"column":32}},"297":{"start":{"line":498,"column":4},"end":{"line":508,"column":5}},"298":{"start":{"line":499,"column":6},"end":{"line":503,"column":7}},"299":{"start":{"line":500,"column":8},"end":{"line":500,"column":43}},"300":{"start":{"line":501,"column":8},"end":{"line":501,"column":36}},"301":{"start":{"line":501,"column":26},"end":{"line":501,"column":36}},"302":{"start":{"line":502,"column":8},"end":{"line":502,"column":84}},"303":{"start":{"line":502,"column":24},"end":{"line":502,"column":84}},"304"
[...]
 (typeof shipping === 'function') {","      fn = shipping;","      shipping = tax = affiliation = null;","    } else if (typeof tax === 'function') {","      fn = tax;","      tax = affiliation = null;","    } else if (typeof affiliation === 'function') {","      fn = affiliation;","      affiliation = null;","    } else if (typeof params === 'function') {","      fn = params;","      params = null;","    }","","    params = this._translateParams(params);","","    params = _.extend({}, this._persistentParams || {}, params);","","    params.ti = transaction || params.ti || this._context.ti;","    params.tr = revenue || params.tr || this._context.tr;","    params.ts = shipping || params.ts || this._context.ts;","    params.tt = tax || params.tt || this._context.tt;","    params.ta = affiliation || params.ta || this._context.ta;","    params.p = params.p || this._context.p || this._context.dp;","","    this._tidyParameters(params);","","    if (!params.ti) {","      return this._handleError(\"Please provide at least a transaction ID (ti)\", fn);","    }","","    return this._withContext(params)._enqueue(\"transaction\", params, fn);","  },","","","  item: function (price, quantity, sku, name, variation, params, fn) {","    if (typeof price === 'object') {","      params = price;","      if (typeof quantity === 'function') {","        fn = quantity","      }","      price = quantity = sku = name = variation = null;","    } else if (typeof quantity === 'function') {","      fn = quantity;","      quantity = sku = name = variation = null;","    } else if (typeof sku === 'function') {","      fn = sku;","      sku = name = variation = null;","    } else if (typeof name === 'function') {","      fn = name;","      name = variation = null;","    } else if (typeof variation === 'function') {","      fn = variation;","      variation = null;","    } else if (typeof params === 'function') {","      fn = params;","      params = null;","    }","","    params = this._translateParams(params);","","    params = _.extend({}, this._persistentParams || {}, params);","","    params.ip = price || params.ip || this._context.ip;","    params.iq = quantity || params.iq || this._context.iq;","    params.ic = sku || params.ic || this._context.ic;","    params.in = name || params.in || this._context.in;","    params.iv = variation || params.iv || this._context.iv;","    params.p = params.p || this._context.p || this._context.dp;","    params.ti = params.ti || this._context.ti;","","    this._tidyParameters(params);","","    if (!params.ti) {","      return this._handleError(\"Please provide at least an item transaction ID (ti)\", fn);","    }","","    return this._withContext(params)._enqueue(\"item\", params, fn);","","  },","","  exception: function (description, fatal, params, fn) {","","    if (typeof description === 'object') {","      params = description;","      if (typeof fatal === 'function') {","        fn = fatal;","      }","      description = fatal = null;","    } else if (typeof fatal === 'function') {","      fn = fatal;","      fatal = 0;","    } else if (typeof params === 'function') {","      fn = params;","      params = null;","    }","","    params = this._translateParams(params);","","    params = _.extend({}, this._persistentParams || {}, params);","","    params.exd = description || params.exd || this._context.exd;","    params.exf = +!!(fatal || params.exf || this._context.exf);","","    if (params.exf === 0) {","      delete params.exf;","    }","","    this._tidyParameters(params);","","    return this._withContext(params)._enqueue(\"exception\", params, fn);","  },","","  timing: function (category, variable, time, label, params, fn) {","","    if (typeof category === 'object') {","      params = category;","      if (typeof variable === 'function') {","        fn = variable;","      }","      category = variable = time = label = null;","    } else if (typeof variable === 'function') {","      fn = variable;","      variable = time = label = null;","    } else if (typeof time === 'function') {","      fn = time;","      time = label = null;","    } else if (typeof label === 'function') {","      fn = label;","      label = null;","    } else if (typeof params === 'function') {","      fn = params;","      params = null;","    }","","    params = this._translateParams(params);","","    params = _.extend({}, this._persistentParams || {}, params);","","    params.utc = category || params.utc || this._context.utc;","    params.utv = variable || params.utv || this._context.utv;","    params.utt = time || params.utt || this._context.utt;","    params.utl = label || params.utl || this._context.utl;","","    this._tidyParameters(params);","","    return this._withContext(params)._enqueue(\"timing\", params, fn);","  },","","","  send: function (fn) {","    var self = this;","    var count = 1;","    var fn = fn || function () {};","    self._log(\"Sending \" + self._queue.length + \" tracking call(s)\");","","    var test = function () {","      return self._queue.length > 0;","    }","","    var getBody = function(params) {","      return params.map(function(x) { return querystring.stringify(x); }).join(\"\\n\");","    }","","    var iterator = function (fn) {","      var params = [];","","      if(config.batching) {","        params = self._queue.splice(0, Math.min(self._queue.length, config.batchSize));","      } else {","        params.push(self._queue.shift());","      }","","      var useBatchPath = params.length > 1;","","      var path = config.hostname + (useBatchPath ? config.batchPath :config.path);","","      self._log(count++ + \": \" + JSON.stringify(params));","","      var options = _.extend({}, self.options.requestOptions, {","        body: getBody(params),","        headers: self.options.headers || {}","      });","","      request.post(path, options, fn);","    }","","    async.whilst(test, iterator, function (err) {","      self._log(\"Finished sending tracking calls\")","      fn.call(self, err || null, count - 1);","    });","","  },","","  _enqueue: function (type, params, fn) {","","    if (typeof params === 'function') {","      fn = params;","      params = {};","    }","","    params = this._translateParams(params) || {};","","    _.extend(params, {","      v: config.protocolVersion,","      tid: this.tid,","      cid: this.cid,","      t: type","    });","    if(this.uid) {","      params.uid = this.uid;","    }","","    this._queue.push(params);","","    if (this.options.debug) {","      this._checkParameters(params);","    }","","    this._log(\"Enqueued \" + type + \" (\" + JSON.stringify(params) + \")\");","","    if (fn) {","      this.send(fn);","    }","","    return this;","  },","","","  _handleError: function (message, fn) {","      this._log(\"Error: \" + message)","      fn && fn.call(this, new Error(message))","      return this;","  },","","","","  _determineCid: function () {","    var args = Array.prototype.splice.call(arguments, 0);","    var id;","    var lastItem = args.length-1;","    var strict = args[lastItem];","    if (strict) {","      for (var i = 0; i < lastItem; i++) {","        id = utils.ensureValidCid(args[i]);","        if (id !== false) return id;","        if (id != null) this._log(\"Warning! Invalid UUID format '\" + args[i] + \"'\");","      }","    } else {","      for (var i = 0; i < lastItem; i++) {","        if (args[i]) return args[i];","      }","    }","    return uuid.v4();","  },","","","  _checkParameters: function (params) {","    for (var param in params) {","      if (config.acceptedParameters.indexOf(param) !== -1 || config.acceptedParametersRegex.filter(function (r) {","          return r.test(param);","        }).length) {","        continue;","      }","      this._log(\"Warning! Unsupported tracking parameter \" + param + \" (\" + params[param] + \")\");","    }","  },","","  _translateParams: function (params) {","        var translated = {};","        for (var key in params) {","            if (config.parametersMap.hasOwnProperty(key)) {","                translated[config.parametersMap[key]] = params[key];","            } else {","                translated[key] = params[key];","            }","        }","        return translated;","    },","","  _tidyParameters: function (params) {","    for (var param in params) {","      if (params[param] === null || params[param] === undefined) {","        delete params[param];","      }","    }","    return params;","  },","","","  _log: function (message) {","    this.options.debug && console.log(\"[universal-analytics] \" + message);","  },","","","  _withContext: function (context) {","    var visitor = new Visitor(this.tid, this.cid, this.options, context, this._persistentParams);","    visitor._queue = this._queue;","    return visitor;","  }","","","}","","Visitor.prototype.pv = Visitor.prototype.pageview","Visitor.prototype.e = Visitor.prototype.event","Visitor.prototype.t = Visitor.prototype.transaction","Visitor.prototype.i = Visitor.prototype.item",""],"l":{"2":2,"3":2,"4":2,"5":0,"6":0,"8":0,"9":0,"10":0,"12":0,"15":1,"16":0,"19":0,"21":0,"22":0,"23":0,"24":0,"25":0,"26":0,"29":0,"31":0,"33":0,"34":0,"36":0,"37":0,"40":0,"41":0,"42":0,"45":0,"46":0,"49":0,"50":0,"53":0,"54":0,"56":0,"57":0,"58":0,"59":0,"66":0,"68":0,"69":0,"71":0,"73":0,"75":0,"77":0,"79":0,"80":0,"81":0,"82":0,"85":0,"87":0,"88":0,"91":0,"97":0,"98":0,"99":0,"105":0,"108":0,"109":0,"110":0,"115":0,"116":0,"120":0,"121":0,"126":0,"127":0,"128":0,"129":0,"131":0,"132":0,"133":0,"134":0,"135":0,"136":0,"137":0,"138":0,"139":0,"140":0,"143":0,"145":0,"147":0,"148":0,"149":0,"151":0,"153":0,"154":0,"157":0,"163":0,"164":0,"165":0,"166":0,"168":0,"169":0,"170":0,"171":0,"172":0,"173":0,"174":0,"175":0,"176":0,"177":0,"178":0,"179":0,"180":0,"181":0,"182":0,"183":0,"186":0,"188":0,"190":0,"191":0,"192":0,"193":0,"194":0,"196":0,"198":0,"199":0,"202":0,"208":0,"209":0,"210":0,"211":0,"213":0,"214":0,"215":0,"216":0,"217":0,"218":0,"219":0,"220":0,"221":0,"222":0,"225":0,"227":0,"229":0,"230":0,"231":0,"232":0,"233":0,"235":0,"236":0,"238":0,"239":0,"242":0,"247":0,"248":0,"249":0,"250":0,"252":0,"253":0,"254":0,"255":0,"256":0,"257":0,"258":0,"259":0,"260":0,"261":0,"262":0,"263":0,"264":0,"265":0,"266":0,"267":0,"270":0,"272":0,"274":0,"275":0,"276":0,"277":0,"278":0,"279":0,"281":0,"283":0,"284":0,"287":0,"292":0,"293":0,"294":0,"295":0,"297":0,"298":0,"299":0,"300":0,"301":0,"302":0,"303":0,"304":0,"305":0,"306":0,"307":0,"308":0,"309":0,"310":0,"311":0,"312":0,"315":0,"317":0,"319":0,"320":0,"321":0,"322":0,"323":0,"324":0,"325":0,"327":0,"329":0,"330":0,"333":0,"339":0,"340":0,"341":0,"342":0,"344":0,"345":0,"346":0,"347":0,"348":0,"349":0,"350":0,"353":0,"355":0,"357":0,"358":0,"360":0,"361":0,"364":0,"366":0,"371":0,"372":0,"373":0,"374":0,"376":0,"377":0,"378":0,"379":0,"380":0,"381":0,"382":0,"383":0,"384":0,"385":0,"386":0,"387":0,"388":0,"391":0,"393":0,"395":0,"396":0,"397":0,"398":0,"400":0,"402":0,"407":0,"408":0,"409":0,"410":0,"412":0,"413":0,"416":0,"417":0,"420":0,"421":0,"423":0,"424":0,"426":0,"429":0,"431":0,"433":0,"435":0,"440":0,"443":0,"444":0,"445":0,"452":0,"453":0,"454":0,"457":0,"459":0,"465":0,"466":0,"469":0,"471":0,"472":0,"475":0,"477":0,"478":0,"481":0,"486":0,"487":0,"488":0,"494":0,"495":0,"496":0,"497":0,"498":0,"499":0,"500":0,"501":0,"502":0,"505":0,"506":0,"509":0,"514":0,"515":0,"516":0,"518":0,"520":0,"525":0,"526":0,"527":0,"528":0,"530":0,"533":0,"537":0,"538":0,"539":0,"542":0,"547":0,"552":0,"553":0,"554":0,"560":0,"561":0,"562":0,"563":0}},"/home/travis/build/npmtest/node-npmtest-universal-analytics/node_modules/universal-analytics/lib/config.js":{"path":"/home/travis/build/npmtest/node-npmtest-universal-analytics/node_modules/universal-analytics/lib/config.js","s":{"1":1},"b":{},"f":{},"fnMap":{},"statementMap":{"1":{"start":{"line":1,"column":0},"end":{"line":171,"column":2}}},"branchMap":{},"code":["module.exports = {","\tprotocolVersion: \"1\",","\thostname: \"http://www.google-analytics.com\",","\tpath: \"/collect\",","\tbatchPath: \"/batch\",","\tbatching: true,","\tbatchSize: 10,","\tacceptedParameters: [","","\t\t// General","\t\t\"v\", \"tid\", \"aip\", \"ds\", \"qt\", \"z\",","","\t\t// User","\t\t\"cid\", \"uid\",","","\t\t// Session","\t\t\"sc\", \"uip\", \"ua\", \"geoid\",","","\t\t// Traffic Sources","\t\t\"dr\", \"cn\", \"cs\", \"cm\", \"ck\", \"cc\", \"ci\", \"gclid\", \"dclid\",","","\t\t// System Info","\t\t\"sr\", \"vp\", \"de\", \"sd\", \"ul\", \"je\", \"fl\",","","\t\t// Hit","\t\t\"t\", \"ni\",","","\t\t// Content Information","\t\t\"dl\", \"dh\", \"dp\", \"dt\", \"cd\", \"linkid\",","","\t\t// App Tracking","\t\t\"an\", \"aid\", \"av\", \"aiid\",","","\t\t// Event Tracking","\t\t\"ec\", \"ea\", \"el\", \"ev\",","","\t\t// E-commerce (transaction data: simple and enhanced)","\t\t\"ti\", \"ta\", \"tr\", \"ts\", \"tt\",","","\t\t// E-commerce (item data: simple)","\t\t\"in\", \"ip\", \"iq\", \"ic\", \"iv\",","","\t\t// E-commerce (currency: simple and enhanced)","\t\t\"cu\",","","\t\t// Enhanced E-Commerce (see also: regex below)","\t\t\"pa\", \"tcc\", \"pal\", \"cos\", \"col\", \"promoa\",","","\t\t// Social Interactions","\t\t\"sn\", \"sa\", \"st\",","","\t\t// Timing","\t\t\"utc\", \"utv\", \"utt\", \"utl\", \"plt\", \"dns\", \"pdt\", \"rrt\", \"tcp\", \"srt\", \"dit\", \"clt\",","","\t\t// Exceptions","\t\t\"exd\", \"exf\",","","\t\t// Content Experiments","\t\t\"xid\", \"xvar\"],","","\tacceptedParametersRegex: [","\t\t/^cm[0-9]+$/,","\t\t/^cd[0-9]+$/,","\t\t/^cg(10|[0-9])$/,","","\t\t/pr[0-9]{1,3}id/,","\t\t/pr[0-9]{1,3}nm/,","\t\t/pr[0-9]{1,3}br/,","\t\t/pr[0-9]{1,3}ca/,","\t\t/pr[0-9]{1,3}va/,","\t\t/pr[0-9]{1,3}pr/,","\t\t/pr[0-9]{1,3}qt/,","\t\t/pr[0-9]{1,3}cc/,","\t\t/pr[0-9]{1,3}ps/,","\t\t/pr[0-9]{1,3}cd[0-9]{1,3}/,","\t\t/pr[0-9]{1,3}cm[0-9]{1,3}/,","","\t\t/il[0-9]{1,3}nm/,","\t\t/il[0-9]{1,3}pi[0-9]{1,3}id/,","\t\t/il[0-9]{1,3}pi[0-9]{1,3}nm/,","\t\t/il[0-9]{1,3}pi[0-9]{1,3}br/,","\t\t/il[0-9]{1,3}pi[0-9]{1,3}ca/,","\t\t/il[0-9]{1,3}pi[0-9]{1,3}va/,","\t\t/il[0-9]{1,3}pi[0-9]{1,3}ps/,","\t\t/il[0-9]{1,3}pi[0-9]{1,3}pr/,","\t\t/il[0-9]{1,3}pi[0-9]{1,3}cd[0-9]{1,3}/,","\t\t/il[0-9]{1,3}pi[0-9]{1,3}cm[0-9]{1,3}/,","","\t\t/promo[0-9]{1,3}id/,","\t\t/promo[0-9]{1,3}nm/,","\t\t/promo[0-9]{1,3}cr/,","\t\t/promo[0-9]{1,3}ps/","\t],","\tparametersMap: {","\t\t\"protocolVersion\": \"v\",","\t\t\"trackingId\": \"tid\",","\t\t\"webPropertyId\": \"tid\",","\t\t\"anonymizeIp\": \"aip\",","\t\t\"dataSource\": \"ds\",","\t\t\"queueTime\": \"qt\",","\t\t\"cacheBuster\": \"z\",","\t\t\"clientId\": \"cid\",","\t\t\"userId\": \"uid\",","\t\t\"sessionControl\": \"sc\",","\t\t\"ipOverride\": \"uip\",","\t\t\"userAgentOverride\": \"ua\",","\t\t\"documentReferrer\": \"dr\",","\t\t\"campaignName\": \"cn\",","\t\t\"campaignSource\": \"cs\",","\t\t\"campaignMedium\": \"cm\",","\t\t\"campaignKeyword\": \"ck\",","\t\t\"campaignContent\": \"cc\",","\t\t\"campaignId\": \"ci\",","\t\t\"googleAdwordsId\": \"gclid\",","\t\t\"googleDisplayAdsId\": \"dclid\",","\t\t\"screenResolution\": \"sr\",","\t\t\"viewportSize\": \"vp\",","\t\t\"documentEncoding\": \"de\",","\t\t\"screenColors\": \"sd\",","\t\t\"userLanguage\": \"ul\",","\t\t\"javaEnabled\": \"je\",","\t\t\"flashVersion\": \"fl\",","\t\t\"hitType\": \"t\",","\t\t\"non-interactionHit\": \"ni\",","\t\t\"documentLocationUrl\": \"dl\",","\t\t\"documentHostName\": \"dh\",","\t\t\"documentPath\": \"dp\",","\t\t\"documentTitle\": \"dt\",","\t\t\"screenName\": \"cd\",","\t\t\"linkId\": \"linkid\",","\t\t\"applicationName\": \"an\",","\t\t\"applicationId\": \"aid\",","\t\t\"applicationVersion\": \"av\",","\t\t\"applicationInstallerId\": \"aiid\",","\t\t\"eventCategory\": \"ec\",","\t\t\"eventAction\": \"ea\",","\t\t\"eventLabel\": \"el\",","\t\t\"eventValue\": \"ev\",","\t\t\"transactionId\": \"ti\",","\t\t\"transactionAffiliation\": \"ta\",","\t\t\"transactionRevenue\": \"tr\",","\t\t\"transactionShipping\": \"ts\",","\t\t\"transactionTax\": \"tt\",","\t\t\"itemName\": \"in\",","\t\t\"itemPrice\": \"ip\",","\t\t\"itemQuantity\": \"iq\",","\t\t\"itemCode\": \"ic\",","\t\t\"itemCategory\": \"iv\",","\t\t\"currencyCode\": \"cu\",","\t\t\"socialNetwork\": \"sn\",","\t\t\"socialAction\": \"sa\",","\t\t\"socialActionTarget\": \"st\",","\t\t\"userTimingCategory\": \"utc\",","\t\t\"userTimingVariableName\": \"utv\",","\t\t\"userTimingTime\": \"utt\",","\t\t\"userTimingLabel\": \"utl\",","\t\t\"pageLoadTime\": \"plt\",","\t\t\"dnsTime\": \"dns\",","\t\t\"pageDownloadTime\": \"pdt\",","\t\t\"redirectResponseTime\": \"rrt\",","\t\t\"tcpConnectTime\": \"tcp\",","\t\t\"serverResponseTime\": \"srt\",","\t\t\"domInteractiveTime\": \"dit\",","\t\t\"contentLoadTime\": \"clt\",","\t\t\"exceptionDescription\": \"exd\",","\t\t\"isExceptionFatal\": \"exf\",","\t\t\"isExceptionFatal?\": \"exf\",","\t\t\"experimentId\": \"xid\",","\t\t\"experimentVariant\": \"xvar\"","\t}","};",""],"l":{"1":1}},"/home/travis/build/npmtest/node-npmtest-universal-analytics/node_modules/universal-analytics/lib/utils.js":{"path":"/home/travis/build/npmtest/node-npmtest-universal-analytics/node_modules/universal-analytics/lib/utils.js","s":{"1":1,"2":0,"3":0,"4":0,"5":0,"6":1,"7":0,"8":1,"9":0,"10":0,"11":0,"12":0,"13":0,"14":0},"b":{"1":[0,0],"2":[0,0],"3":[0,0]},"f":{"1":0,"2":0,"3":0},"fnMap":{"1":{"name":"(anonymous_1)","line":2,"loc":{"start":{"line":2,"column":24},"end":{"line":2,"column":40}}},"2":{"name":"(anonymous_2)","line":9,"loc":{"start":{"line":9,"column":29},"end":{"line":9,"column":44}}},"3":{"name":"(anonymous_3)","line":14,"loc":{"start":{"line":14,"column":32},"end":{"line":14,"column":48}}}},"statementMap":{"1":{"start":{"line":2,"column":0},"end":{"line":6,"column":1}},"2":{"start":{"line":3,"column":1},"end":{"line":3,"column":25}},"3":{"start":{"line":3,"column":12},"end":{"line":3,"column":25}},"4":{"start":{"line":4,"column":1},"end":{"line":4,"column":38}},"5":{"start":{"line":5,"column":1},"end":{"line":5,"column":96}},"6":{"start":{"line":9,"column":0},"end":{"line":11,"column":1}},"7":{"start":{"line":10,"column":1},"end":{"line":10,"column":36}},"8":{"start":{"line":14,"column":0},"end":{"line":29,"column":1}},"9":{"start":{"line":15,"column":1},"end":{"line":20,"column":2}},"10":{"start":{"line":16,"column":2},"end":{"line":18,"column":3}},"11":{"start":{"line":17,"column":3},"end":{"line":17,"column":16}},"12":{"start":{"line":19,"column":2},"end":{"line":19,"column":14}},"13":{"start":{"line":22,"column":1},"end":{"line":22,"column":32}},"14":{"start":{"line":23,"column":1},"end":{"line":28,"column":21}}},"branchMap":{"1":{"line":3,"type":"if","locations":[{"start":{"line":3,"column":1},"end":{"line":3,"column":1}},{"start":{"line":3,"column":1},"end":{"line":3,"column":1}}]},"2":{"line":15,"type":"if","locations":[{"start":{"line":15,"column":1},"end":{"line":15,"column":1}},{"start":{"line":15,"column":1},"end":{"line":15,"column":1}}]},"3":{"line":16,"type":"if","locations":[{"start":{"line":16,"column":2},"end":{"line":16,"column":2}},{"start":{"line":16,"column":2},"end":{"line":16,"column":2}}]}},"code":["","module.exports.isUuid = function (uuid) {","\tif (!uuid) return false;","\tuuid = uuid.toString().toLowerCase();","\treturn /[0-9a-f]{8}\\-?[0-9a-f]{4}\\-?4[0-9a-f]{3}\\-?[89ab][0-9a-f]{3}\\-?[0-9a-f]{12}/.test(uuid)","}","","","module.exports.isCookieCid = function (cid) {","\treturn /^[0-9]+\\.[0-9]+$/.test(cid)","}","","","module.exports.ensureValidCid = function (uuid) {","\tif (!this.isUuid(uuid)) {","\t\tif (!this.isCookieCid(uuid)) {","\t\t\treturn false;","\t\t}","\t\treturn uuid;","\t}","","\tuuid = uuid.replace(/\\-/g, \"\");","\treturn \"\" +","\t\tuuid.substring(0, 8) + \"-\" +","\t\tuuid.substring(8, 12) + \"-\" +","\t\tuuid.substring(12, 16) + \"-\" +","\t\tuuid.substring(16, 20) + \"-\" +","\t\tuuid.substring(20);","}",""],"l":{"2":1,"3":0,"4":0,"5":0,"9":1,"10":0,"14":1,"15":0,"16":0,"17":0,"19":0,"22":0,"23":0}}}